tee: /home/sshirzad/workspace/deepdrug/results/2018-11-13-1221/2018-12-21-0946: Is a directory
2018-12-21 09:47:05.605296: I tensorflow/core/platform/cpu_feature_guard.cc:141] Your CPU supports instructions that this TensorFlow binary was not compiled to use: SSE4.1 SSE4.2
2018-12-21 09:47:07.047619: I tensorflow/stream_executor/cuda/cuda_gpu_executor.cc:964] successful NUMA node read from SysFS had negative value (-1), but there must be at least one NUMA node, so returning NUMA node zero
2018-12-21 09:47:07.048539: I tensorflow/core/common_runtime/gpu/gpu_device.cc:1411] Found device 0 with properties: 
name: Tesla K20c major: 3 minor: 5 memoryClockRate(GHz): 0.7055
pciBusID: 0000:02:00.0
totalMemory: 4.63GiB freeMemory: 4.56GiB
2018-12-21 09:47:07.048588: I tensorflow/core/common_runtime/gpu/gpu_device.cc:1490] Adding visible gpu devices: 0
2018-12-21 09:47:12.469223: I tensorflow/core/common_runtime/gpu/gpu_device.cc:971] Device interconnect StreamExecutor with strength 1 edge matrix:
2018-12-21 09:47:12.469630: I tensorflow/core/common_runtime/gpu/gpu_device.cc:977]      0 
2018-12-21 09:47:12.469664: I tensorflow/core/common_runtime/gpu/gpu_device.cc:990] 0:   N 
2018-12-21 09:47:12.469945: I tensorflow/core/common_runtime/gpu/gpu_device.cc:1103] Created TensorFlow device (/job:localhost/replica:0/task:0/device:GPU:0 with 4328 MB memory) -> physical GPU (device: 0, name: Tesla K20c, pci bus id: 0000:02:00.0, compute capability: 3.5)
]0;IPython: 2018-11-13-1221/2018-12-21-0946Command Line:  3 /home/sshirzad/workspace/deepdrug/results/2018-11-13-1221/2018-12-21-0946/npy
test_set: 3
[0;31m---------------------------------------------------------------------------[0m
[0;31mMemoryError[0m                               Traceback (most recent call last)
[0;32m~/workspace/deepdrug/python_scripts/CNN_12_14.py[0m in [0;36m<module>[0;34m[0m
[1;32m    306[0m                     [0mapplied_rate[0m [0;34m*=[0m [0;36m0.5[0m[0;34m[0m[0m
[1;32m    307[0m [0;34m[0m[0m
[0;32m--> 308[0;31m                 [0;34m([0m[0mtraining_set[0m[0;34m,[0m [0mtraining_labels[0m[0;34m,[0m [0mtest_set[0m[0;34m,[0m [0mtest_labels[0m[0;34m,[0m[0mset_i[0m[0;34m,[0m [0mset_j[0m[0;34m)[0m[0;34m=[0m[0mnext[0m[0;34m([0m[0mmy_data[0m[0;34m)[0m[0;34m[0m[0m
[0m[1;32m    309[0m                 [0mtotal_batch[0m [0;34m=[0m [0mint[0m[0;34m([0m[0mnp[0m[0;34m.[0m[0mshape[0m[0;34m([0m[0mtraining_set[0m[0;34m)[0m[0;34m[[0m[0;36m0[0m[0;34m][0m [0;34m/[0m [0mbatch_size[0m[0;34m)[0m[0;34m[0m[0m
[1;32m    310[0m                 [0mtotal_batch_test[0m [0;34m=[0m [0mint[0m[0;34m([0m[0mnp[0m[0;34m.[0m[0mshape[0m[0;34m([0m[0mtest_set[0m[0;34m)[0m[0;34m[[0m[0;36m0[0m[0;34m][0m [0;34m/[0m [0mbatch_size_test[0m[0;34m)[0m[0;34m[0m[0m

[0;32m~/workspace/deepdrug/python_scripts/CNN_12_14.py[0m in [0;36mdata_gen[0;34m(set_i, epochs)[0m
[1;32m    281[0m                 [0mper[0m [0;34m=[0m [0mnp[0m[0;34m.[0m[0mrandom[0m[0;34m.[0m[0mpermutation[0m[0;34m([0m[0mtraining_size[0m[0;34m)[0m[0;34m[0m[0m
[1;32m    282[0m [0;34m[0m[0m
[0;32m--> 283[0;31m                 [0mtraining_set[0m[0;34m=[0m[0mtraining_set[0m[0;34m[[0m[0mper[0m[0;34m][0m[0;34m[0m[0m
[0m[1;32m    284[0m                 [0mtraining_labels[0m[0;34m=[0m[0mtraining_labels[0m[0;34m[[0m[0mper[0m[0;34m][0m[0;34m[0m[0m
[1;32m    285[0m                 [0;32myield[0m [0;34m([0m[0mtraining_set[0m[0;34m,[0m [0mtraining_labels[0m[0;34m,[0m [0mtest_set[0m[0;34m,[0m [0mtest_labels[0m[0;34m,[0m [0mreceptor_list[0m[0;34m[[0m[0mset_i[0m[0;34m][0m [0;34m,[0m [0mreceptor_list[0m[0;34m[[0m[0mset_j[0m[0;34m][0m[0;34m)[0m[0;34m[0m[0m

[0;31mMemoryError[0m: 
