/home/sshirzad/anaconda3/lib/python3.6/site-packages/sklearn/externals/joblib/externals/cloudpickle/cloudpickle.py:47: DeprecationWarning: the imp module is deprecated in favour of importlib; see the module's documentation for alternative uses
  import imp
[Parallel(n_jobs=16)]: Using backend ThreadingBackend with 16 concurrent workers.
[Parallel(n_jobs=16)]: Done  18 tasks      | elapsed: 35.9min
[Parallel(n_jobs=16)]: Done 168 tasks      | elapsed: 200.5min
[Parallel(n_jobs=16)]: Done 418 tasks      | elapsed: 487.2min
[Parallel(n_jobs=16)]: Done 500 out of 500 | elapsed: 576.1min finished
[Parallel(n_jobs=16)]: Using backend ThreadingBackend with 16 concurrent workers.
[Parallel(n_jobs=16)]: Done  18 tasks      | elapsed:    0.0s
[Parallel(n_jobs=16)]: Done 168 tasks      | elapsed:    0.1s
[Parallel(n_jobs=16)]: Done 418 tasks      | elapsed:    0.3s
[Parallel(n_jobs=16)]: Done 500 out of 500 | elapsed:    0.3s finished
]0;IPython: RF/10Command Line:  10 /home/sshirzad/workspace/deepdrug/results/2018-11-13-1221/RF/10/npy
test_set: 10
shape of p:  (8843,)
#of 1s:  642.0
set 10
classification report
              precision    recall  f1-score   support

       decoy       0.98      0.93      0.96      8640
      active       0.11      0.35      0.17       203

   micro avg       0.92      0.92      0.92      8843
   macro avg       0.55      0.64      0.56      8843
weighted avg       0.96      0.92      0.94      8843

confusion matrix:
[[8069  571]
 [ 132   71]]
auc:
Only one class present in y_true. ROC AUC score is not defined in that case.
