/home/sshirzad/anaconda3/lib/python3.6/site-packages/sklearn/externals/joblib/externals/cloudpickle/cloudpickle.py:47: DeprecationWarning: the imp module is deprecated in favour of importlib; see the module's documentation for alternative uses
  import imp
[Parallel(n_jobs=16)]: Using backend ThreadingBackend with 16 concurrent workers.
[Parallel(n_jobs=16)]: Done  18 tasks      | elapsed: 35.7min
[Parallel(n_jobs=16)]: Done 168 tasks      | elapsed: 198.7min
[Parallel(n_jobs=16)]: Done 418 tasks      | elapsed: 482.4min
[Parallel(n_jobs=16)]: Done 500 out of 500 | elapsed: 573.0min finished
[Parallel(n_jobs=16)]: Using backend ThreadingBackend with 16 concurrent workers.
[Parallel(n_jobs=16)]: Done  18 tasks      | elapsed:    0.0s
[Parallel(n_jobs=16)]: Done 168 tasks      | elapsed:    0.1s
[Parallel(n_jobs=16)]: Done 418 tasks      | elapsed:    0.3s
[Parallel(n_jobs=16)]: Done 500 out of 500 | elapsed:    0.3s finished
]0;IPython: RF/1Command Line:  1 /home/sshirzad/workspace/deepdrug/results/2018-11-13-1221/RF/1/npy
test_set: 1
shape of p:  (10585,)
#of 1s:  1092.0
set 1
classification report
              precision    recall  f1-score   support

       decoy       1.00      0.92      0.96     10292
      active       0.25      0.94      0.40       293

   micro avg       0.92      0.92      0.92     10585
   macro avg       0.62      0.93      0.68     10585
weighted avg       0.98      0.92      0.94     10585

confusion matrix:
[[9474  818]
 [  19  274]]
auc:
Only one class present in y_true. ROC AUC score is not defined in that case.
