/home/sshirzad/anaconda3/lib/python3.6/site-packages/sklearn/externals/joblib/externals/cloudpickle/cloudpickle.py:47: DeprecationWarning: the imp module is deprecated in favour of importlib; see the module's documentation for alternative uses
  import imp
[Parallel(n_jobs=16)]: Using backend ThreadingBackend with 16 concurrent workers.
[Parallel(n_jobs=16)]: Done  18 tasks      | elapsed: 23.7min
[Parallel(n_jobs=16)]: Done 168 tasks      | elapsed: 129.4min
[Parallel(n_jobs=16)]: Done 418 tasks      | elapsed: 311.8min
[Parallel(n_jobs=16)]: Done 500 out of 500 | elapsed: 368.4min finished
[Parallel(n_jobs=16)]: Using backend ThreadingBackend with 16 concurrent workers.
[Parallel(n_jobs=16)]: Done  18 tasks      | elapsed:    0.2s
[Parallel(n_jobs=16)]: Done 168 tasks      | elapsed:    0.3s
[Parallel(n_jobs=16)]: Done 418 tasks      | elapsed:    0.4s
[Parallel(n_jobs=16)]: Done 500 out of 500 | elapsed:    0.5s finished
]0;IPython: deepdrug/scriptsCommand Line:  22
test_set: 22
set 22
classification report
              precision    recall  f1-score   support

       decoy       1.00      0.90      0.95     11747
      active       0.17      0.84      0.28       277

   micro avg       0.90      0.90      0.90     12024
   macro avg       0.58      0.87      0.61     12024
weighted avg       0.98      0.90      0.93     12024

confusion matrix:
[[10598  1149]
 [   43   234]]
auc:
Only one class present in y_true. ROC AUC score is not defined in that case.
