/home/sshirzad/anaconda3/lib/python3.6/site-packages/sklearn/externals/joblib/externals/cloudpickle/cloudpickle.py:47: DeprecationWarning: the imp module is deprecated in favour of importlib; see the module's documentation for alternative uses
  import imp
[Parallel(n_jobs=16)]: Using backend ThreadingBackend with 16 concurrent workers.
[Parallel(n_jobs=16)]: Done  18 tasks      | elapsed: 34.8min
[Parallel(n_jobs=16)]: Done 168 tasks      | elapsed: 196.3min
[Parallel(n_jobs=16)]: Done 418 tasks      | elapsed: 477.3min
[Parallel(n_jobs=16)]: Done 500 out of 500 | elapsed: 566.0min finished
[Parallel(n_jobs=16)]: Using backend ThreadingBackend with 16 concurrent workers.
[Parallel(n_jobs=16)]: Done  18 tasks      | elapsed:    0.0s
[Parallel(n_jobs=16)]: Done 168 tasks      | elapsed:    0.2s
[Parallel(n_jobs=16)]: Done 418 tasks      | elapsed:    0.3s
[Parallel(n_jobs=16)]: Done 500 out of 500 | elapsed:    0.4s finished
]0;IPython: RF/2Command Line:  2 /home/sshirzad/workspace/deepdrug/results/2018-11-13-1221/RF/2/npy
test_set: 2
shape of p:  (17064,)
#of 1s:  545.0
set 2
classification report
              precision    recall  f1-score   support

       decoy       0.96      0.97      0.97     16257
      active       0.20      0.14      0.16       807

   micro avg       0.93      0.93      0.93     17064
   macro avg       0.58      0.55      0.56     17064
weighted avg       0.92      0.93      0.93     17064

confusion matrix:
[[15822   435]
 [  697   110]]
auc:
Only one class present in y_true. ROC AUC score is not defined in that case.
