]0;IPython: deepdrug/scriptsCommand Line:  21
test_set: 21
set 21
classification report
              precision    recall  f1-score   support

       decoy       0.99      0.93      0.96     11335
      active       0.21      0.60      0.31       353

   micro avg       0.92      0.92      0.92     11688
   macro avg       0.60      0.76      0.64     11688
weighted avg       0.96      0.92      0.94     11688

confusion matrix:
[[10552   783]
 [  142   211]]
auc:
Only one class present in y_true. ROC AUC score is not defined in that case.
/home/sshirzad/anaconda3/lib/python3.6/site-packages/sklearn/externals/joblib/externals/cloudpickle/cloudpickle.py:47: DeprecationWarning: the imp module is deprecated in favour of importlib; see the module's documentation for alternative uses
  import imp
[Parallel(n_jobs=16)]: Using backend ThreadingBackend with 16 concurrent workers.
[Parallel(n_jobs=16)]: Done  18 tasks      | elapsed: 23.7min
[Parallel(n_jobs=16)]: Done 168 tasks      | elapsed: 129.3min
[Parallel(n_jobs=16)]: Done 418 tasks      | elapsed: 310.1min
[Parallel(n_jobs=16)]: Done 500 out of 500 | elapsed: 368.4min finished
[Parallel(n_jobs=16)]: Using backend ThreadingBackend with 16 concurrent workers.
[Parallel(n_jobs=16)]: Done  18 tasks      | elapsed:    0.1s
[Parallel(n_jobs=16)]: Done 168 tasks      | elapsed:    0.2s
[Parallel(n_jobs=16)]: Done 418 tasks      | elapsed:    0.4s
[Parallel(n_jobs=16)]: Done 500 out of 500 | elapsed:    0.4s finished
