tee: /home/sshirzad/workspace/deepdrug/results/2018-11-13-1221/0: Is a directory
2018-12-27 00:20:51.559503: I tensorflow/core/platform/cpu_feature_guard.cc:141] Your CPU supports instructions that this TensorFlow binary was not compiled to use: SSE4.1 SSE4.2 AVX AVX2 FMA
2018-12-27 00:21:00.612498: I tensorflow/core/common_runtime/gpu/gpu_device.cc:1411] Found device 0 with properties: 
name: Tesla K80 major: 3 minor: 7 memoryClockRate(GHz): 0.8235
pciBusID: 0000:05:00.0
totalMemory: 11.17GiB freeMemory: 11.10GiB
2018-12-27 00:21:00.727115: I tensorflow/core/common_runtime/gpu/gpu_device.cc:1411] Found device 1 with properties: 
name: Tesla K80 major: 3 minor: 7 memoryClockRate(GHz): 0.8235
pciBusID: 0000:06:00.0
totalMemory: 11.17GiB freeMemory: 11.10GiB
2018-12-27 00:21:00.872670: I tensorflow/core/common_runtime/gpu/gpu_device.cc:1411] Found device 2 with properties: 
name: Tesla K80 major: 3 minor: 7 memoryClockRate(GHz): 0.8235
pciBusID: 0000:84:00.0
totalMemory: 11.17GiB freeMemory: 11.10GiB
2018-12-27 00:21:01.009854: I tensorflow/core/common_runtime/gpu/gpu_device.cc:1411] Found device 3 with properties: 
name: Tesla K80 major: 3 minor: 7 memoryClockRate(GHz): 0.8235
pciBusID: 0000:85:00.0
totalMemory: 11.17GiB freeMemory: 11.10GiB
2018-12-27 00:21:01.010446: I tensorflow/core/common_runtime/gpu/gpu_device.cc:1490] Adding visible gpu devices: 0, 1, 2, 3
2018-12-27 00:21:02.138648: I tensorflow/core/common_runtime/gpu/gpu_device.cc:971] Device interconnect StreamExecutor with strength 1 edge matrix:
2018-12-27 00:21:02.138692: I tensorflow/core/common_runtime/gpu/gpu_device.cc:977]      0 1 2 3 
2018-12-27 00:21:02.138701: I tensorflow/core/common_runtime/gpu/gpu_device.cc:990] 0:   N Y N N 
2018-12-27 00:21:02.138706: I tensorflow/core/common_runtime/gpu/gpu_device.cc:990] 1:   Y N N N 
2018-12-27 00:21:02.138711: I tensorflow/core/common_runtime/gpu/gpu_device.cc:990] 2:   N N N Y 
2018-12-27 00:21:02.138715: I tensorflow/core/common_runtime/gpu/gpu_device.cc:990] 3:   N N Y N 
2018-12-27 00:21:02.139631: I tensorflow/core/common_runtime/gpu/gpu_device.cc:1103] Created TensorFlow device (/job:localhost/replica:0/task:0/device:GPU:0 with 10759 MB memory) -> physical GPU (device: 0, name: Tesla K80, pci bus id: 0000:05:00.0, compute capability: 3.7)
2018-12-27 00:21:02.316870: I tensorflow/core/common_runtime/gpu/gpu_device.cc:1103] Created TensorFlow device (/job:localhost/replica:0/task:0/device:GPU:1 with 10759 MB memory) -> physical GPU (device: 1, name: Tesla K80, pci bus id: 0000:06:00.0, compute capability: 3.7)
2018-12-27 00:21:02.494034: I tensorflow/core/common_runtime/gpu/gpu_device.cc:1103] Created TensorFlow device (/job:localhost/replica:0/task:0/device:GPU:2 with 10759 MB memory) -> physical GPU (device: 2, name: Tesla K80, pci bus id: 0000:84:00.0, compute capability: 3.7)
2018-12-27 00:21:02.690195: I tensorflow/core/common_runtime/gpu/gpu_device.cc:1103] Created TensorFlow device (/job:localhost/replica:0/task:0/device:GPU:3 with 10759 MB memory) -> physical GPU (device: 3, name: Tesla K80, pci bus id: 0000:85:00.0, compute capability: 3.7)
]0;IPython: 2018-11-13-1221/0Command Line:  0 /home/sshirzad/workspace/deepdrug/results/2018-11-13-1221/0/npy
test_set: 0
training finished for epoch  1
Epoch: 1 batch:  1 cost = 59.56422  test accuracy: 0.961
Epoch: 1 batch:  2 cost = 59.56422  test accuracy: 0.962
Epoch: 1 batch:  3 cost = 59.56422  test accuracy: 0.957
Epoch: 1 batch:  4 cost = 59.56422  test accuracy: 0.961
Epoch: 1 batch:  5 cost = 59.56422  test accuracy: 0.957
Epoch: 1 batch:  6 cost = 59.56422  test accuracy: 0.961
training finished for epoch  2
Epoch: 2 batch:  1 cost = 47.54807  test accuracy: 0.746
Epoch: 2 batch:  2 cost = 47.54807  test accuracy: 0.738
Epoch: 2 batch:  3 cost = 47.54807  test accuracy: 0.744
Epoch: 2 batch:  4 cost = 47.54807  test accuracy: 0.729
Epoch: 2 batch:  5 cost = 47.54807  test accuracy: 0.747
Epoch: 2 batch:  6 cost = 47.54807  test accuracy: 0.735
training finished for epoch  3
Epoch: 3 batch:  1 cost = 52.99122  test accuracy: 0.789
Epoch: 3 batch:  2 cost = 52.99122  test accuracy: 0.787
Epoch: 3 batch:  3 cost = 52.99122  test accuracy: 0.780
Epoch: 3 batch:  4 cost = 52.99122  test accuracy: 0.771
Epoch: 3 batch:  5 cost = 52.99122  test accuracy: 0.787
Epoch: 3 batch:  6 cost = 52.99122  test accuracy: 0.777
training finished for epoch  4
Epoch: 4 batch:  1 cost = 50.83401  test accuracy: 0.758
Epoch: 4 batch:  2 cost = 50.83401  test accuracy: 0.746
Epoch: 4 batch:  3 cost = 50.83401  test accuracy: 0.747
Epoch: 4 batch:  4 cost = 50.83401  test accuracy: 0.740
Epoch: 4 batch:  5 cost = 50.83401  test accuracy: 0.760
Epoch: 4 batch:  6 cost = 50.83401  test accuracy: 0.744
training finished for epoch  5
Epoch: 5 batch:  1 cost = 46.15700  test accuracy: 0.837
Epoch: 5 batch:  2 cost = 46.15700  test accuracy: 0.839
Epoch: 5 batch:  3 cost = 46.15700  test accuracy: 0.833
Epoch: 5 batch:  4 cost = 46.15700  test accuracy: 0.834
Epoch: 5 batch:  5 cost = 46.15700  test accuracy: 0.844
Epoch: 5 batch:  6 cost = 46.15700  test accuracy: 0.840
training finished for epoch  6
Epoch: 6 batch:  1 cost = 42.52878  test accuracy: 0.885
Epoch: 6 batch:  2 cost = 42.52878  test accuracy: 0.888
Epoch: 6 batch:  3 cost = 42.52878  test accuracy: 0.882
Epoch: 6 batch:  4 cost = 42.52878  test accuracy: 0.882
Epoch: 6 batch:  5 cost = 42.52878  test accuracy: 0.885
Epoch: 6 batch:  6 cost = 42.52878  test accuracy: 0.884
training finished for epoch  7
Epoch: 7 batch:  1 cost = 40.90888  test accuracy: 0.870
Epoch: 7 batch:  2 cost = 40.90888  test accuracy: 0.874
Epoch: 7 batch:  3 cost = 40.90888  test accuracy: 0.867
Epoch: 7 batch:  4 cost = 40.90888  test accuracy: 0.867
Epoch: 7 batch:  5 cost = 40.90888  test accuracy: 0.872
Epoch: 7 batch:  6 cost = 40.90888  test accuracy: 0.871
training finished for epoch  8
Epoch: 8 batch:  1 cost = 40.59929  test accuracy: 0.896
Epoch: 8 batch:  2 cost = 40.59929  test accuracy: 0.898
Epoch: 8 batch:  3 cost = 40.59929  test accuracy: 0.893
Epoch: 8 batch:  4 cost = 40.59929  test accuracy: 0.891
Epoch: 8 batch:  5 cost = 40.59929  test accuracy: 0.897
Epoch: 8 batch:  6 cost = 40.59929  test accuracy: 0.893
training finished for epoch  9
Epoch: 9 batch:  1 cost = 41.77909  test accuracy: 0.936
Epoch: 9 batch:  2 cost = 41.77909  test accuracy: 0.935
Epoch: 9 batch:  3 cost = 41.77909  test accuracy: 0.929
Epoch: 9 batch:  4 cost = 41.77909  test accuracy: 0.936
Epoch: 9 batch:  5 cost = 41.77909  test accuracy: 0.933
Epoch: 9 batch:  6 cost = 41.77909  test accuracy: 0.932
training finished for epoch  10
Epoch: 10 batch:  1 cost = 40.00702  test accuracy: 0.901
Epoch: 10 batch:  2 cost = 40.00702  test accuracy: 0.902
Epoch: 10 batch:  3 cost = 40.00702  test accuracy: 0.896
Epoch: 10 batch:  4 cost = 40.00702  test accuracy: 0.894
Epoch: 10 batch:  5 cost = 40.00702  test accuracy: 0.901
Epoch: 10 batch:  6 cost = 40.00702  test accuracy: 0.896
training finished for epoch  11
Epoch: 11 batch:  1 cost = 38.56712  test accuracy: 0.905
Epoch: 11 batch:  2 cost = 38.56712  test accuracy: 0.903
Epoch: 11 batch:  3 cost = 38.56712  test accuracy: 0.900
Epoch: 11 batch:  4 cost = 38.56712  test accuracy: 0.901
Epoch: 11 batch:  5 cost = 38.56712  test accuracy: 0.903
Epoch: 11 batch:  6 cost = 38.56712  test accuracy: 0.900
training finished for epoch  12
Epoch: 12 batch:  1 cost = 37.86791  test accuracy: 0.904
Epoch: 12 batch:  2 cost = 37.86791  test accuracy: 0.903
Epoch: 12 batch:  3 cost = 37.86791  test accuracy: 0.897
Epoch: 12 batch:  4 cost = 37.86791  test accuracy: 0.901
Epoch: 12 batch:  5 cost = 37.86791  test accuracy: 0.903
Epoch: 12 batch:  6 cost = 37.86791  test accuracy: 0.900
training finished for epoch  13
Epoch: 13 batch:  1 cost = 38.03877  test accuracy: 0.916
Epoch: 13 batch:  2 cost = 38.03877  test accuracy: 0.914
Epoch: 13 batch:  3 cost = 38.03877  test accuracy: 0.911
Epoch: 13 batch:  4 cost = 38.03877  test accuracy: 0.914
Epoch: 13 batch:  5 cost = 38.03877  test accuracy: 0.914
Epoch: 13 batch:  6 cost = 38.03877  test accuracy: 0.915
training finished for epoch  14
Epoch: 14 batch:  1 cost = 37.75426  test accuracy: 0.921
Epoch: 14 batch:  2 cost = 37.75426  test accuracy: 0.920
Epoch: 14 batch:  3 cost = 37.75426  test accuracy: 0.916
Epoch: 14 batch:  4 cost = 37.75426  test accuracy: 0.921
Epoch: 14 batch:  5 cost = 37.75426  test accuracy: 0.921
Epoch: 14 batch:  6 cost = 37.75426  test accuracy: 0.919
training finished for epoch  15
Epoch: 15 batch:  1 cost = 37.69887  test accuracy: 0.924
Epoch: 15 batch:  2 cost = 37.69887  test accuracy: 0.920
Epoch: 15 batch:  3 cost = 37.69887  test accuracy: 0.917
Epoch: 15 batch:  4 cost = 37.69887  test accuracy: 0.921
Epoch: 15 batch:  5 cost = 37.69887  test accuracy: 0.922
Epoch: 15 batch:  6 cost = 37.69887  test accuracy: 0.919
training finished for epoch  16
Epoch: 16 batch:  1 cost = 36.64113  test accuracy: 0.885
Epoch: 16 batch:  2 cost = 36.64113  test accuracy: 0.882
Epoch: 16 batch:  3 cost = 36.64113  test accuracy: 0.879
Epoch: 16 batch:  4 cost = 36.64113  test accuracy: 0.877
Epoch: 16 batch:  5 cost = 36.64113  test accuracy: 0.882
Epoch: 16 batch:  6 cost = 36.64113  test accuracy: 0.879
training finished for epoch  17
Epoch: 17 batch:  1 cost = 36.14919  test accuracy: 0.892
Epoch: 17 batch:  2 cost = 36.14919  test accuracy: 0.888
Epoch: 17 batch:  3 cost = 36.14919  test accuracy: 0.887
Epoch: 17 batch:  4 cost = 36.14919  test accuracy: 0.885
Epoch: 17 batch:  5 cost = 36.14919  test accuracy: 0.889
Epoch: 17 batch:  6 cost = 36.14919  test accuracy: 0.885
training finished for epoch  18
Epoch: 18 batch:  1 cost = 36.05733  test accuracy: 0.902
Epoch: 18 batch:  2 cost = 36.05733  test accuracy: 0.897
Epoch: 18 batch:  3 cost = 36.05733  test accuracy: 0.896
Epoch: 18 batch:  4 cost = 36.05733  test accuracy: 0.897
Epoch: 18 batch:  5 cost = 36.05733  test accuracy: 0.898
Epoch: 18 batch:  6 cost = 36.05733  test accuracy: 0.895
training finished for epoch  19
Epoch: 19 batch:  1 cost = 35.64184  test accuracy: 0.910
Epoch: 19 batch:  2 cost = 35.64184  test accuracy: 0.905
Epoch: 19 batch:  3 cost = 35.64184  test accuracy: 0.901
Epoch: 19 batch:  4 cost = 35.64184  test accuracy: 0.906
Epoch: 19 batch:  5 cost = 35.64184  test accuracy: 0.906
Epoch: 19 batch:  6 cost = 35.64184  test accuracy: 0.902
training finished for epoch  20
Epoch: 20 batch:  1 cost = 35.62100  test accuracy: 0.916
Epoch: 20 batch:  2 cost = 35.62100  test accuracy: 0.914
Epoch: 20 batch:  3 cost = 35.62100  test accuracy: 0.908
Epoch: 20 batch:  4 cost = 35.62100  test accuracy: 0.914
Epoch: 20 batch:  5 cost = 35.62100  test accuracy: 0.915
Epoch: 20 batch:  6 cost = 35.62100  test accuracy: 0.912
training finished for epoch  21
Epoch: 21 batch:  1 cost = 35.52565  test accuracy: 0.906
Epoch: 21 batch:  2 cost = 35.52565  test accuracy: 0.897
Epoch: 21 batch:  3 cost = 35.52565  test accuracy: 0.897
Epoch: 21 batch:  4 cost = 35.52565  test accuracy: 0.900
Epoch: 21 batch:  5 cost = 35.52565  test accuracy: 0.899
Epoch: 21 batch:  6 cost = 35.52565  test accuracy: 0.898
training finished for epoch  22
Epoch: 22 batch:  1 cost = 34.27165  test accuracy: 0.905
Epoch: 22 batch:  2 cost = 34.27165  test accuracy: 0.897
Epoch: 22 batch:  3 cost = 34.27165  test accuracy: 0.896
Epoch: 22 batch:  4 cost = 34.27165  test accuracy: 0.899
Epoch: 22 batch:  5 cost = 34.27165  test accuracy: 0.900
Epoch: 22 batch:  6 cost = 34.27165  test accuracy: 0.899
training finished for epoch  23
Epoch: 23 batch:  1 cost = 34.11784  test accuracy: 0.902
Epoch: 23 batch:  2 cost = 34.11784  test accuracy: 0.897
Epoch: 23 batch:  3 cost = 34.11784  test accuracy: 0.894
Epoch: 23 batch:  4 cost = 34.11784  test accuracy: 0.897
Epoch: 23 batch:  5 cost = 34.11784  test accuracy: 0.897
Epoch: 23 batch:  6 cost = 34.11784  test accuracy: 0.897
training finished for epoch  24
Epoch: 24 batch:  1 cost = 33.86613  test accuracy: 0.903
Epoch: 24 batch:  2 cost = 33.86613  test accuracy: 0.897
Epoch: 24 batch:  3 cost = 33.86613  test accuracy: 0.896
Epoch: 24 batch:  4 cost = 33.86613  test accuracy: 0.898
Epoch: 24 batch:  5 cost = 33.86613  test accuracy: 0.896
Epoch: 24 batch:  6 cost = 33.86613  test accuracy: 0.899
training finished for epoch  25
Epoch: 25 batch:  1 cost = 33.66849  test accuracy: 0.898
Epoch: 25 batch:  2 cost = 33.66849  test accuracy: 0.892
Epoch: 25 batch:  3 cost = 33.66849  test accuracy: 0.891
Epoch: 25 batch:  4 cost = 33.66849  test accuracy: 0.891
Epoch: 25 batch:  5 cost = 33.66849  test accuracy: 0.891
Epoch: 25 batch:  6 cost = 33.66849  test accuracy: 0.894
training finished for epoch  26
Epoch: 26 batch:  1 cost = 33.42211  test accuracy: 0.907
Epoch: 26 batch:  2 cost = 33.42211  test accuracy: 0.907
Epoch: 26 batch:  3 cost = 33.42211  test accuracy: 0.902
Epoch: 26 batch:  4 cost = 33.42211  test accuracy: 0.906
Epoch: 26 batch:  5 cost = 33.42211  test accuracy: 0.903
Epoch: 26 batch:  6 cost = 33.42211  test accuracy: 0.906
training finished for epoch  27
Epoch: 27 batch:  1 cost = 32.63428  test accuracy: 0.909
Epoch: 27 batch:  2 cost = 32.63428  test accuracy: 0.908
Epoch: 27 batch:  3 cost = 32.63428  test accuracy: 0.902
Epoch: 27 batch:  4 cost = 32.63428  test accuracy: 0.906
Epoch: 27 batch:  5 cost = 32.63428  test accuracy: 0.903
Epoch: 27 batch:  6 cost = 32.63428  test accuracy: 0.904
training finished for epoch  28
Epoch: 28 batch:  1 cost = 32.53443  test accuracy: 0.908
Epoch: 28 batch:  2 cost = 32.53443  test accuracy: 0.907
Epoch: 28 batch:  3 cost = 32.53443  test accuracy: 0.903
Epoch: 28 batch:  4 cost = 32.53443  test accuracy: 0.906
Epoch: 28 batch:  5 cost = 32.53443  test accuracy: 0.903
Epoch: 28 batch:  6 cost = 32.53443  test accuracy: 0.904
training finished for epoch  29
Epoch: 29 batch:  1 cost = 32.38813  test accuracy: 0.908
Epoch: 29 batch:  2 cost = 32.38813  test accuracy: 0.908
Epoch: 29 batch:  3 cost = 32.38813  test accuracy: 0.903
Epoch: 29 batch:  4 cost = 32.38813  test accuracy: 0.906
Epoch: 29 batch:  5 cost = 32.38813  test accuracy: 0.904
Epoch: 29 batch:  6 cost = 32.38813  test accuracy: 0.904
training finished for epoch  30
Epoch: 30 batch:  1 cost = 32.35828  test accuracy: 0.908
Epoch: 30 batch:  2 cost = 32.35828  test accuracy: 0.909
Epoch: 30 batch:  3 cost = 32.35828  test accuracy: 0.906
Epoch: 30 batch:  4 cost = 32.35828  test accuracy: 0.907
Epoch: 30 batch:  5 cost = 32.35828  test accuracy: 0.905
Epoch: 30 batch:  6 cost = 32.35828  test accuracy: 0.904
training finished for epoch  31
Epoch: 31 batch:  1 cost = 32.24159  test accuracy: 0.902
Epoch: 31 batch:  2 cost = 32.24159  test accuracy: 0.900
Epoch: 31 batch:  3 cost = 32.24159  test accuracy: 0.898
Epoch: 31 batch:  4 cost = 32.24159  test accuracy: 0.897
Epoch: 31 batch:  5 cost = 32.24159  test accuracy: 0.898
Epoch: 31 batch:  6 cost = 32.24159  test accuracy: 0.901
training finished for epoch  32
Epoch: 32 batch:  1 cost = 31.69395  test accuracy: 0.902
Epoch: 32 batch:  2 cost = 31.69395  test accuracy: 0.901
Epoch: 32 batch:  3 cost = 31.69395  test accuracy: 0.899
Epoch: 32 batch:  4 cost = 31.69395  test accuracy: 0.899
Epoch: 32 batch:  5 cost = 31.69395  test accuracy: 0.899
Epoch: 32 batch:  6 cost = 31.69395  test accuracy: 0.903
training finished for epoch  33
Epoch: 33 batch:  1 cost = 31.60519  test accuracy: 0.902
Epoch: 33 batch:  2 cost = 31.60519  test accuracy: 0.902
Epoch: 33 batch:  3 cost = 31.60519  test accuracy: 0.898
Epoch: 33 batch:  4 cost = 31.60519  test accuracy: 0.898
Epoch: 33 batch:  5 cost = 31.60519  test accuracy: 0.899
Epoch: 33 batch:  6 cost = 31.60519  test accuracy: 0.903
training finished for epoch  34
Epoch: 34 batch:  1 cost = 31.51522  test accuracy: 0.903
Epoch: 34 batch:  2 cost = 31.51522  test accuracy: 0.902
Epoch: 34 batch:  3 cost = 31.51522  test accuracy: 0.900
Epoch: 34 batch:  4 cost = 31.51522  test accuracy: 0.899
Epoch: 34 batch:  5 cost = 31.51522  test accuracy: 0.900
Epoch: 34 batch:  6 cost = 31.51522  test accuracy: 0.903
training finished for epoch  35
Epoch: 35 batch:  1 cost = 31.45360  test accuracy: 0.904
Epoch: 35 batch:  2 cost = 31.45360  test accuracy: 0.903
Epoch: 35 batch:  3 cost = 31.45360  test accuracy: 0.900
Epoch: 35 batch:  4 cost = 31.45360  test accuracy: 0.899
Epoch: 35 batch:  5 cost = 31.45360  test accuracy: 0.900
Epoch: 35 batch:  6 cost = 31.45360  test accuracy: 0.903
training finished for epoch  36
Epoch: 36 batch:  1 cost = 31.20141  test accuracy: 0.893
Epoch: 36 batch:  2 cost = 31.20141  test accuracy: 0.894
Epoch: 36 batch:  3 cost = 31.20141  test accuracy: 0.891
Epoch: 36 batch:  4 cost = 31.20141  test accuracy: 0.888
Epoch: 36 batch:  5 cost = 31.20141  test accuracy: 0.892
Epoch: 36 batch:  6 cost = 31.20141  test accuracy: 0.895
training finished for epoch  37
Epoch: 37 batch:  1 cost = 31.16014  test accuracy: 0.893
Epoch: 37 batch:  2 cost = 31.16014  test accuracy: 0.895
Epoch: 37 batch:  3 cost = 31.16014  test accuracy: 0.892
Epoch: 37 batch:  4 cost = 31.16014  test accuracy: 0.890
Epoch: 37 batch:  5 cost = 31.16014  test accuracy: 0.893
Epoch: 37 batch:  6 cost = 31.16014  test accuracy: 0.896
training finished for epoch  38
Epoch: 38 batch:  1 cost = 31.01370  test accuracy: 0.892
Epoch: 38 batch:  2 cost = 31.01370  test accuracy: 0.895
Epoch: 38 batch:  3 cost = 31.01370  test accuracy: 0.892
Epoch: 38 batch:  4 cost = 31.01370  test accuracy: 0.890
Epoch: 38 batch:  5 cost = 31.01370  test accuracy: 0.892
Epoch: 38 batch:  6 cost = 31.01370  test accuracy: 0.895
training finished for epoch  39
Epoch: 39 batch:  1 cost = 30.93790  test accuracy: 0.894
Epoch: 39 batch:  2 cost = 30.93790  test accuracy: 0.895
Epoch: 39 batch:  3 cost = 30.93790  test accuracy: 0.893
Epoch: 39 batch:  4 cost = 30.93790  test accuracy: 0.890
Epoch: 39 batch:  5 cost = 30.93790  test accuracy: 0.892
Epoch: 39 batch:  6 cost = 30.93790  test accuracy: 0.896
training finished for epoch  40
Epoch: 40 batch:  1 cost = 30.86333  test accuracy: 0.893
Epoch: 40 batch:  2 cost = 30.86333  test accuracy: 0.894
Epoch: 40 batch:  3 cost = 30.86333  test accuracy: 0.893
Epoch: 40 batch:  4 cost = 30.86333  test accuracy: 0.889
Epoch: 40 batch:  5 cost = 30.86333  test accuracy: 0.892
Epoch: 40 batch:  6 cost = 30.86333  test accuracy: 0.895
training finished for epoch  41
Epoch: 41 batch:  1 cost = 30.89516  test accuracy: 0.882
Epoch: 41 batch:  2 cost = 30.89516  test accuracy: 0.881
Epoch: 41 batch:  3 cost = 30.89516  test accuracy: 0.878
Epoch: 41 batch:  4 cost = 30.89516  test accuracy: 0.875
Epoch: 41 batch:  5 cost = 30.89516  test accuracy: 0.881
Epoch: 41 batch:  6 cost = 30.89516  test accuracy: 0.882
training finished for epoch  42
Epoch: 42 batch:  1 cost = 30.79136  test accuracy: 0.883
Epoch: 42 batch:  2 cost = 30.79136  test accuracy: 0.881
Epoch: 42 batch:  3 cost = 30.79136  test accuracy: 0.879
Epoch: 42 batch:  4 cost = 30.79136  test accuracy: 0.875
Epoch: 42 batch:  5 cost = 30.79136  test accuracy: 0.881
Epoch: 42 batch:  6 cost = 30.79136  test accuracy: 0.883
training finished for epoch  43
Epoch: 43 batch:  1 cost = 30.69713  test accuracy: 0.883
Epoch: 43 batch:  2 cost = 30.69713  test accuracy: 0.881
Epoch: 43 batch:  3 cost = 30.69713  test accuracy: 0.880
Epoch: 43 batch:  4 cost = 30.69713  test accuracy: 0.875
Epoch: 43 batch:  5 cost = 30.69713  test accuracy: 0.882
Epoch: 43 batch:  6 cost = 30.69713  test accuracy: 0.8822018-12-28 04:51:10.984958: I tensorflow/core/common_runtime/gpu/gpu_device.cc:1490] Adding visible gpu devices: 0, 1, 2, 3
2018-12-28 04:51:10.985448: I tensorflow/core/common_runtime/gpu/gpu_device.cc:971] Device interconnect StreamExecutor with strength 1 edge matrix:
2018-12-28 04:51:10.985481: I tensorflow/core/common_runtime/gpu/gpu_device.cc:977]      0 1 2 3 
2018-12-28 04:51:10.985497: I tensorflow/core/common_runtime/gpu/gpu_device.cc:990] 0:   N Y N N 
2018-12-28 04:51:10.985509: I tensorflow/core/common_runtime/gpu/gpu_device.cc:990] 1:   Y N N N 
2018-12-28 04:51:10.985522: I tensorflow/core/common_runtime/gpu/gpu_device.cc:990] 2:   N N N Y 
2018-12-28 04:51:10.985534: I tensorflow/core/common_runtime/gpu/gpu_device.cc:990] 3:   N N Y N 
2018-12-28 04:51:10.986314: I tensorflow/core/common_runtime/gpu/gpu_device.cc:1103] Created TensorFlow device (/job:localhost/replica:0/task:0/device:GPU:0 with 10759 MB memory) -> physical GPU (device: 0, name: Tesla K80, pci bus id: 0000:05:00.0, compute capability: 3.7)
2018-12-28 04:51:10.986555: I tensorflow/core/common_runtime/gpu/gpu_device.cc:1103] Created TensorFlow device (/job:localhost/replica:0/task:0/device:GPU:1 with 10759 MB memory) -> physical GPU (device: 1, name: Tesla K80, pci bus id: 0000:06:00.0, compute capability: 3.7)
2018-12-28 04:51:10.986734: I tensorflow/core/common_runtime/gpu/gpu_device.cc:1103] Created TensorFlow device (/job:localhost/replica:0/task:0/device:GPU:2 with 10759 MB memory) -> physical GPU (device: 2, name: Tesla K80, pci bus id: 0000:84:00.0, compute capability: 3.7)
2018-12-28 04:51:10.986871: I tensorflow/core/common_runtime/gpu/gpu_device.cc:1103] Created TensorFlow device (/job:localhost/replica:0/task:0/device:GPU:3 with 10759 MB memory) -> physical GPU (device: 3, name: Tesla K80, pci bus id: 0000:85:00.0, compute capability: 3.7)
slurmstepd: error: *** JOB 3972970 ON bahram CANCELLED AT 2018-12-28T16:04:16 ***
