/home/sshirzad/anaconda3/lib/python3.6/site-packages/sklearn/externals/joblib/externals/cloudpickle/cloudpickle.py:47: DeprecationWarning: the imp module is deprecated in favour of importlib; see the module's documentation for alternative uses
  import imp
[Parallel(n_jobs=16)]: Using backend ThreadingBackend with 16 concurrent workers.
[Parallel(n_jobs=16)]: Done  18 tasks      | elapsed: 35.7min
[Parallel(n_jobs=16)]: Done 168 tasks      | elapsed: 199.3min
[Parallel(n_jobs=16)]: Done 418 tasks      | elapsed: 481.1min
[Parallel(n_jobs=16)]: Done 500 out of 500 | elapsed: 574.8min finished
[Parallel(n_jobs=16)]: Using backend ThreadingBackend with 16 concurrent workers.
[Parallel(n_jobs=16)]: Done  18 tasks      | elapsed:    0.0s
[Parallel(n_jobs=16)]: Done 168 tasks      | elapsed:    0.2s
[Parallel(n_jobs=16)]: Done 418 tasks      | elapsed:    0.4s
[Parallel(n_jobs=16)]: Done 500 out of 500 | elapsed:    0.4s finished
]0;IPython: RF/14Command Line:  14 /home/sshirzad/workspace/deepdrug/results/2018-11-13-1221/RF/14/npy
test_set: 14
shape of p:  (18046,)
#of 1s:  2021.0
set 14
classification report
              precision    recall  f1-score   support

       decoy       0.99      0.90      0.94     17564
      active       0.15      0.63      0.24       482

   micro avg       0.89      0.89      0.89     18046
   macro avg       0.57      0.76      0.59     18046
weighted avg       0.97      0.89      0.92     18046

confusion matrix:
[[15845  1719]
 [  180   302]]
auc:
Only one class present in y_true. ROC AUC score is not defined in that case.
