/home/sshirzad/anaconda3/lib/python3.6/site-packages/sklearn/externals/joblib/externals/cloudpickle/cloudpickle.py:47: DeprecationWarning: the imp module is deprecated in favour of importlib; see the module's documentation for alternative uses
  import imp
[Parallel(n_jobs=16)]: Using backend ThreadingBackend with 16 concurrent workers.
[Parallel(n_jobs=16)]: Done  18 tasks      | elapsed: 36.1min
[Parallel(n_jobs=16)]: Done 168 tasks      | elapsed: 202.5min
[Parallel(n_jobs=16)]: Done 418 tasks      | elapsed: 490.1min
[Parallel(n_jobs=16)]: Done 500 out of 500 | elapsed: 581.9min finished
[Parallel(n_jobs=16)]: Using backend ThreadingBackend with 16 concurrent workers.
[Parallel(n_jobs=16)]: Done  18 tasks      | elapsed:    0.0s
[Parallel(n_jobs=16)]: Done 168 tasks      | elapsed:    0.1s
[Parallel(n_jobs=16)]: Done 418 tasks      | elapsed:    0.3s
[Parallel(n_jobs=16)]: Done 500 out of 500 | elapsed:    0.3s finished
]0;IPython: RF/13Command Line:  13 /home/sshirzad/workspace/deepdrug/results/2018-11-13-1221/RF/13/npy
test_set: 13
shape of p:  (6652,)
#of 1s:  434.0
set 13
classification report
              precision    recall  f1-score   support

       decoy       0.98      0.94      0.96      6488
      active       0.09      0.24      0.13       164

   micro avg       0.92      0.92      0.92      6652
   macro avg       0.54      0.59      0.55      6652
weighted avg       0.96      0.92      0.94      6652

confusion matrix:
[[6094  394]
 [ 124   40]]
auc:
Only one class present in y_true. ROC AUC score is not defined in that case.
