/home/sshirzad/anaconda3/lib/python3.6/site-packages/sklearn/externals/joblib/externals/cloudpickle/cloudpickle.py:47: DeprecationWarning: the imp module is deprecated in favour of importlib; see the module's documentation for alternative uses
  import imp
[Parallel(n_jobs=16)]: Using backend ThreadingBackend with 16 concurrent workers.
[Parallel(n_jobs=16)]: Done  18 tasks      | elapsed: 23.8min
[Parallel(n_jobs=16)]: Done 168 tasks      | elapsed: 130.6min
[Parallel(n_jobs=16)]: Done 418 tasks      | elapsed: 312.6min
[Parallel(n_jobs=16)]: Done 500 out of 500 | elapsed: 370.9min finished
[Parallel(n_jobs=16)]: Using backend ThreadingBackend with 16 concurrent workers.
[Parallel(n_jobs=16)]: Done  18 tasks      | elapsed:    0.1s
[Parallel(n_jobs=16)]: Done 168 tasks      | elapsed:    0.2s
[Parallel(n_jobs=16)]: Done 418 tasks      | elapsed:    0.3s
[Parallel(n_jobs=16)]: Done 500 out of 500 | elapsed:    0.4s finished
]0;IPython: deepdrug/scriptsCommand Line:  23
test_set: 23
set 23
classification report
              precision    recall  f1-score   support

       decoy       0.99      0.96      0.97      3340
      active       0.30      0.57      0.39       106

   micro avg       0.95      0.95      0.95      3446
   macro avg       0.64      0.76      0.68      3446
weighted avg       0.96      0.95      0.95      3446

confusion matrix:
[[3200  140]
 [  46   60]]
auc:
Only one class present in y_true. ROC AUC score is not defined in that case.
