/home/sshirzad/anaconda3/lib/python3.6/site-packages/sklearn/externals/joblib/externals/cloudpickle/cloudpickle.py:47: DeprecationWarning: the imp module is deprecated in favour of importlib; see the module's documentation for alternative uses
  import imp
[Parallel(n_jobs=16)]: Using backend ThreadingBackend with 16 concurrent workers.
[Parallel(n_jobs=16)]: Done  18 tasks      | elapsed: 23.7min
[Parallel(n_jobs=16)]: Done 168 tasks      | elapsed: 130.0min
[Parallel(n_jobs=16)]: Done 418 tasks      | elapsed: 311.7min
[Parallel(n_jobs=16)]: Done 500 out of 500 | elapsed: 368.8min finished
[Parallel(n_jobs=16)]: Using backend ThreadingBackend with 16 concurrent workers.
[Parallel(n_jobs=16)]: Done  18 tasks      | elapsed:    0.1s
[Parallel(n_jobs=16)]: Done 168 tasks      | elapsed:    0.2s
[Parallel(n_jobs=16)]: Done 418 tasks      | elapsed:    0.3s
[Parallel(n_jobs=16)]: Done 500 out of 500 | elapsed:    0.4s finished
]0;IPython: deepdrug/scriptsCommand Line:  20
test_set: 20
set 20
classification report
              precision    recall  f1-score   support

       decoy       0.99      0.92      0.96      7326
      active       0.18      0.68      0.28       176

   micro avg       0.92      0.92      0.92      7502
   macro avg       0.59      0.80      0.62      7502
weighted avg       0.97      0.92      0.94      7502

confusion matrix:
[[6773  553]
 [  56  120]]
auc:
Only one class present in y_true. ROC AUC score is not defined in that case.
