tee: /home/sshirzad/workspace/deepdrug/results/2018-11-13-1221/2018-12-21-1520: Is a directory
2018-12-21 15:20:55.872676: I tensorflow/core/platform/cpu_feature_guard.cc:141] Your CPU supports instructions that this TensorFlow binary was not compiled to use: SSE4.1 SSE4.2 AVX AVX2 FMA
2018-12-21 15:21:04.368384: I tensorflow/core/common_runtime/gpu/gpu_device.cc:1411] Found device 0 with properties: 
name: Tesla K80 major: 3 minor: 7 memoryClockRate(GHz): 0.8235
pciBusID: 0000:05:00.0
totalMemory: 11.17GiB freeMemory: 11.10GiB
2018-12-21 15:21:04.505084: I tensorflow/core/common_runtime/gpu/gpu_device.cc:1411] Found device 1 with properties: 
name: Tesla K80 major: 3 minor: 7 memoryClockRate(GHz): 0.8235
pciBusID: 0000:06:00.0
totalMemory: 11.17GiB freeMemory: 11.10GiB
2018-12-21 15:21:04.630879: I tensorflow/core/common_runtime/gpu/gpu_device.cc:1411] Found device 2 with properties: 
name: Tesla K80 major: 3 minor: 7 memoryClockRate(GHz): 0.8235
pciBusID: 0000:84:00.0
totalMemory: 11.17GiB freeMemory: 11.10GiB
2018-12-21 15:21:04.754590: I tensorflow/core/common_runtime/gpu/gpu_device.cc:1411] Found device 3 with properties: 
name: Tesla K80 major: 3 minor: 7 memoryClockRate(GHz): 0.8235
pciBusID: 0000:85:00.0
totalMemory: 11.17GiB freeMemory: 11.10GiB
2018-12-21 15:21:04.755172: I tensorflow/core/common_runtime/gpu/gpu_device.cc:1490] Adding visible gpu devices: 0, 1, 2, 3
2018-12-21 15:21:05.861386: I tensorflow/core/common_runtime/gpu/gpu_device.cc:971] Device interconnect StreamExecutor with strength 1 edge matrix:
2018-12-21 15:21:05.861428: I tensorflow/core/common_runtime/gpu/gpu_device.cc:977]      0 1 2 3 
2018-12-21 15:21:05.861436: I tensorflow/core/common_runtime/gpu/gpu_device.cc:990] 0:   N Y N N 
2018-12-21 15:21:05.861440: I tensorflow/core/common_runtime/gpu/gpu_device.cc:990] 1:   Y N N N 
2018-12-21 15:21:05.861445: I tensorflow/core/common_runtime/gpu/gpu_device.cc:990] 2:   N N N Y 
2018-12-21 15:21:05.861449: I tensorflow/core/common_runtime/gpu/gpu_device.cc:990] 3:   N N Y N 
2018-12-21 15:21:05.862319: I tensorflow/core/common_runtime/gpu/gpu_device.cc:1103] Created TensorFlow device (/job:localhost/replica:0/task:0/device:GPU:0 with 10759 MB memory) -> physical GPU (device: 0, name: Tesla K80, pci bus id: 0000:05:00.0, compute capability: 3.7)
2018-12-21 15:21:06.035252: I tensorflow/core/common_runtime/gpu/gpu_device.cc:1103] Created TensorFlow device (/job:localhost/replica:0/task:0/device:GPU:1 with 10759 MB memory) -> physical GPU (device: 1, name: Tesla K80, pci bus id: 0000:06:00.0, compute capability: 3.7)
2018-12-21 15:21:06.207499: I tensorflow/core/common_runtime/gpu/gpu_device.cc:1103] Created TensorFlow device (/job:localhost/replica:0/task:0/device:GPU:2 with 10759 MB memory) -> physical GPU (device: 2, name: Tesla K80, pci bus id: 0000:84:00.0, compute capability: 3.7)
2018-12-21 15:21:06.399268: I tensorflow/core/common_runtime/gpu/gpu_device.cc:1103] Created TensorFlow device (/job:localhost/replica:0/task:0/device:GPU:3 with 10759 MB memory) -> physical GPU (device: 3, name: Tesla K80, pci bus id: 0000:85:00.0, compute capability: 3.7)
slurmstepd: error: *** JOB 3972166 ON bahram CANCELLED AT 2018-12-21T16:09:14 ***
