2018-11-21 10:22:37.208480: I tensorflow/core/platform/cpu_feature_guard.cc:141] Your CPU supports instructions that this TensorFlow binary was not compiled to use: SSE4.1 SSE4.2 AVX AVX2 FMA
2018-11-21 10:22:45.349415: I tensorflow/core/common_runtime/gpu/gpu_device.cc:1411] Found device 0 with properties: 
name: Tesla K80 major: 3 minor: 7 memoryClockRate(GHz): 0.8235
pciBusID: 0000:05:00.0
totalMemory: 11.17GiB freeMemory: 11.10GiB
2018-11-21 10:22:45.471812: I tensorflow/core/common_runtime/gpu/gpu_device.cc:1411] Found device 1 with properties: 
name: Tesla K80 major: 3 minor: 7 memoryClockRate(GHz): 0.8235
pciBusID: 0000:06:00.0
totalMemory: 11.17GiB freeMemory: 11.10GiB
2018-11-21 10:22:45.614930: I tensorflow/core/common_runtime/gpu/gpu_device.cc:1411] Found device 2 with properties: 
name: Tesla K80 major: 3 minor: 7 memoryClockRate(GHz): 0.8235
pciBusID: 0000:84:00.0
totalMemory: 11.17GiB freeMemory: 11.10GiB
2018-11-21 10:22:45.744087: I tensorflow/core/common_runtime/gpu/gpu_device.cc:1411] Found device 3 with properties: 
name: Tesla K80 major: 3 minor: 7 memoryClockRate(GHz): 0.8235
pciBusID: 0000:85:00.0
totalMemory: 11.17GiB freeMemory: 11.10GiB
2018-11-21 10:22:45.744679: I tensorflow/core/common_runtime/gpu/gpu_device.cc:1490] Adding visible gpu devices: 0, 1, 2, 3
2018-11-21 10:22:46.828374: I tensorflow/core/common_runtime/gpu/gpu_device.cc:971] Device interconnect StreamExecutor with strength 1 edge matrix:
2018-11-21 10:22:46.828422: I tensorflow/core/common_runtime/gpu/gpu_device.cc:977]      0 1 2 3 
2018-11-21 10:22:46.828430: I tensorflow/core/common_runtime/gpu/gpu_device.cc:990] 0:   N Y N N 
2018-11-21 10:22:46.828435: I tensorflow/core/common_runtime/gpu/gpu_device.cc:990] 1:   Y N N N 
2018-11-21 10:22:46.828439: I tensorflow/core/common_runtime/gpu/gpu_device.cc:990] 2:   N N N Y 
2018-11-21 10:22:46.828443: I tensorflow/core/common_runtime/gpu/gpu_device.cc:990] 3:   N N Y N 
2018-11-21 10:22:46.829334: I tensorflow/core/common_runtime/gpu/gpu_device.cc:1103] Created TensorFlow device (/job:localhost/replica:0/task:0/device:GPU:0 with 10759 MB memory) -> physical GPU (device: 0, name: Tesla K80, pci bus id: 0000:05:00.0, compute capability: 3.7)
2018-11-21 10:22:46.979999: I tensorflow/core/common_runtime/gpu/gpu_device.cc:1103] Created TensorFlow device (/job:localhost/replica:0/task:0/device:GPU:1 with 10759 MB memory) -> physical GPU (device: 1, name: Tesla K80, pci bus id: 0000:06:00.0, compute capability: 3.7)
2018-11-21 10:22:47.089288: I tensorflow/core/common_runtime/gpu/gpu_device.cc:1103] Created TensorFlow device (/job:localhost/replica:0/task:0/device:GPU:2 with 10759 MB memory) -> physical GPU (device: 2, name: Tesla K80, pci bus id: 0000:84:00.0, compute capability: 3.7)
2018-11-21 10:22:47.206154: I tensorflow/core/common_runtime/gpu/gpu_device.cc:1103] Created TensorFlow device (/job:localhost/replica:0/task:0/device:GPU:3 with 10759 MB memory) -> physical GPU (device: 3, name: Tesla K80, pci bus id: 0000:85:00.0, compute capability: 3.7)
]0;IPython: deepdrug/scriptstraining finished for epoch  1
Epoch: 1 batch:  1 cost = 59.21243  test accuracy: 0.779
[[3068  885]
 [  19  124]]
Epoch: 1 batch:  2 cost = 59.21243  test accuracy: 0.771
[[3042  915]
 [  21  118]]
Epoch: 1 batch:  3 cost = 59.21243  test accuracy: 0.772
[[3046  911]
 [  24  115]]
Epoch: 1 batch:  4 cost = 59.21243  test accuracy: 0.772
[[3063  918]
 [  16   99]]
Epoch: 1 batch:  5 cost = 59.21243  test accuracy: 0.769
[[3051  932]
 [  14   99]]
Epoch: 1 batch:  6 cost = 59.21243  test accuracy: 0.773
[[3057  914]
 [  17  108]]
training finished for epoch  2
Epoch: 2 batch:  1 cost = 49.39881  test accuracy: 0.859
[[3416  537]
 [  39  104]]
Epoch: 2 batch:  2 cost = 49.39881  test accuracy: 0.858
[[3409  548]
 [  33  106]]
Epoch: 2 batch:  3 cost = 49.39881  test accuracy: 0.849
[[3379  578]
 [  41   98]]
Epoch: 2 batch:  4 cost = 49.39881  test accuracy: 0.854
[[3406  575]
 [  24   91]]
Epoch: 2 batch:  5 cost = 49.39881  test accuracy: 0.857
[[3425  558]
 [  29   84]]
Epoch: 2 batch:  6 cost = 49.39881  test accuracy: 0.861
[[3430  541]
 [  28   97]]
training finished for epoch  3
Epoch: 3 batch:  1 cost = 46.24840  test accuracy: 0.833
[[3317  636]
 [  47   96]]
Epoch: 3 batch:  2 cost = 46.24840  test accuracy: 0.828
[[3300  657]
 [  46   93]]
Epoch: 3 batch:  3 cost = 46.24840  test accuracy: 0.820
[[3270  687]
 [  51   88]]
Epoch: 3 batch:  4 cost = 46.24840  test accuracy: 0.823
[[3295  686]
 [  39   76]]
Epoch: 3 batch:  5 cost = 46.24840  test accuracy: 0.826
[[3310  673]
 [  41   72]]
Epoch: 3 batch:  6 cost = 46.24840  test accuracy: 0.831
[[3316  655]
 [  38   87]]
training finished for epoch  4
Epoch: 4 batch:  1 cost = 45.29610  test accuracy: 0.929
[[3762  191]
 [ 100   43]]
Epoch: 4 batch:  2 cost = 45.29610  test accuracy: 0.928
[[3749  208]
 [  88   51]]
Epoch: 4 batch:  3 cost = 45.29610  test accuracy: 0.923
[[3738  219]
 [  97   42]]
Epoch: 4 batch:  4 cost = 45.29610  test accuracy: 0.929
[[3771  210]
 [  82   33]]
Epoch: 4 batch:  5 cost = 45.29610  test accuracy: 0.940
[[3813  170]
 [  77   36]]
Epoch: 4 batch:  6 cost = 45.29610  test accuracy: 0.936
[[3785  186]
 [  77   48]]
training finished for epoch  5
Epoch: 5 batch:  1 cost = 44.41410  test accuracy: 0.894
[[3573  380]
 [  54   89]]
Epoch: 5 batch:  2 cost = 44.41410  test accuracy: 0.900
[[3601  356]
 [  54   85]]
Epoch: 5 batch:  3 cost = 44.41410  test accuracy: 0.887
[[3558  399]
 [  64   75]]
Epoch: 5 batch:  4 cost = 44.41410  test accuracy: 0.891
[[3583  398]
 [  50   65]]
Epoch: 5 batch:  5 cost = 44.41410  test accuracy: 0.902
[[3636  347]
 [  53   60]]
Epoch: 5 batch:  6 cost = 44.41410  test accuracy: 0.899
[[3604  367]
 [  46   79]]
training finished for epoch  6
Epoch: 6 batch:  1 cost = 42.65617  test accuracy: 0.909
[[3635  318]
 [  54   89]]
Epoch: 6 batch:  2 cost = 42.65617  test accuracy: 0.910
[[3641  316]
 [  54   85]]
Epoch: 6 batch:  3 cost = 42.65617  test accuracy: 0.900
[[3613  344]
 [  64   75]]
Epoch: 6 batch:  4 cost = 42.65617  test accuracy: 0.905
[[3639  342]
 [  47   68]]
Epoch: 6 batch:  5 cost = 42.65617  test accuracy: 0.913
[[3677  306]
 [  50   63]]
Epoch: 6 batch:  6 cost = 42.65617  test accuracy: 0.912
[[3659  312]
 [  47   78]]
training finished for epoch  7
Epoch: 7 batch:  1 cost = 40.97489  test accuracy: 0.928
[[3743  210]
 [  86   57]]
Epoch: 7 batch:  2 cost = 40.97489  test accuracy: 0.930
[[3748  209]
 [  76   63]]
Epoch: 7 batch:  3 cost = 40.97489  test accuracy: 0.920
[[3723  234]
 [  92   47]]
Epoch: 7 batch:  4 cost = 40.97489  test accuracy: 0.929
[[3761  220]
 [  69   46]]
Epoch: 7 batch:  5 cost = 40.97489  test accuracy: 0.939
[[3795  188]
 [  63   50]]
Epoch: 7 batch:  6 cost = 40.97489  test accuracy: 0.936
[[3776  195]
 [  68   57]]
training finished for epoch  8
Epoch: 8 batch:  1 cost = 40.41973  test accuracy: 0.893
[[3570  383]
 [  55   88]]
Epoch: 8 batch:  2 cost = 40.41973  test accuracy: 0.894
[[3572  385]
 [  49   90]]
Epoch: 8 batch:  3 cost = 40.41973  test accuracy: 0.885
[[3548  409]
 [  64   75]]
Epoch: 8 batch:  4 cost = 40.41973  test accuracy: 0.887
[[3567  414]
 [  47   68]]
Epoch: 8 batch:  5 cost = 40.41973  test accuracy: 0.896
[[3610  373]
 [  51   62]]
Epoch: 8 batch:  6 cost = 40.41973  test accuracy: 0.896
[[3592  379]
 [  46   79]]
training finished for epoch  9
Epoch: 9 batch:  1 cost = 40.16066  test accuracy: 0.888
[[3545  408]
 [  49   94]]
Epoch: 9 batch:  2 cost = 40.16066  test accuracy: 0.894
[[3566  391]
 [  44   95]]
Epoch: 9 batch:  3 cost = 40.16066  test accuracy: 0.881
[[3525  432]
 [  55   84]]
Epoch: 9 batch:  4 cost = 40.16066  test accuracy: 0.887
[[3556  425]
 [  38   77]]
Epoch: 9 batch:  5 cost = 40.16066  test accuracy: 0.894
[[3591  392]
 [  44   69]]
Epoch: 9 batch:  6 cost = 40.16066  test accuracy: 0.893
[[3575  396]
 [  42   83]]
training finished for epoch  10
Epoch: 10 batch:  1 cost = 39.97613  test accuracy: 0.885
[[3529  424]
 [  48   95]]
Epoch: 10 batch:  2 cost = 39.97613  test accuracy: 0.891
[[3551  406]
 [  41   98]]
Epoch: 10 batch:  3 cost = 39.97613  test accuracy: 0.878
[[3512  445]
 [  55   84]]
Epoch: 10 batch:  4 cost = 39.97613  test accuracy: 0.881
[[3529  452]
 [  35   80]]
Epoch: 10 batch:  5 cost = 39.97613  test accuracy: 0.891
[[3571  412]
 [  36   77]]
Epoch: 10 batch:  6 cost = 39.97613  test accuracy: 0.893
[[3569  402]
 [  37   88]]
training finished for epoch  11
Epoch: 11 batch:  1 cost = 39.29144  test accuracy: 0.920
[[3703  250]
 [  76   67]]
Epoch: 11 batch:  2 cost = 39.29144  test accuracy: 0.928
[[3728  229]
 [  64   75]]
Epoch: 11 batch:  3 cost = 39.29144  test accuracy: 0.916
[[3693  264]
 [  81   58]]
Epoch: 11 batch:  4 cost = 39.29144  test accuracy: 0.924
[[3722  259]
 [  54   61]]
Epoch: 11 batch:  5 cost = 39.29144  test accuracy: 0.936
[[3773  210]
 [  51   62]]
Epoch: 11 batch:  6 cost = 39.29144  test accuracy: 0.926
[[3726  245]
 [  58   67]]
training finished for epoch  12
Epoch: 12 batch:  1 cost = 39.00933  test accuracy: 0.923
[[3715  238]
 [  79   64]]
Epoch: 12 batch:  2 cost = 39.00933  test accuracy: 0.927
[[3725  232]
 [  68   71]]
Epoch: 12 batch:  3 cost = 39.00933  test accuracy: 0.917
[[3700  257]
 [  83   56]]
Epoch: 12 batch:  4 cost = 39.00933  test accuracy: 0.924
[[3726  255]
 [  57   58]]
Epoch: 12 batch:  5 cost = 39.00933  test accuracy: 0.935
[[3775  208]
 [  57   56]]
Epoch: 12 batch:  6 cost = 39.00933  test accuracy: 0.928
[[3736  235]
 [  61   64]]
training finished for epoch  13
Epoch: 13 batch:  1 cost = 38.65262  test accuracy: 0.923
[[3721  232]
 [  83   60]]
Epoch: 13 batch:  2 cost = 38.65262  test accuracy: 0.930
[[3738  219]
 [  68   71]]
Epoch: 13 batch:  3 cost = 38.65262  test accuracy: 0.919
[[3713  244]
 [  88   51]]
Epoch: 13 batch:  4 cost = 38.65262  test accuracy: 0.927
[[3745  236]
 [  62   53]]
Epoch: 13 batch:  5 cost = 38.65262  test accuracy: 0.937
[[3783  200]
 [  58   55]]
Epoch: 13 batch:  6 cost = 38.65262  test accuracy: 0.929
[[3745  226]
 [  65   60]]
training finished for epoch  14
Epoch: 14 batch:  1 cost = 38.60526  test accuracy: 0.925
[[3728  225]
 [  83   60]]
Epoch: 14 batch:  2 cost = 38.60526  test accuracy: 0.930
[[3741  216]
 [  69   70]]
Epoch: 14 batch:  3 cost = 38.60526  test accuracy: 0.921
[[3722  235]
 [  89   50]]
Epoch: 14 batch:  4 cost = 38.60526  test accuracy: 0.927
[[3747  234]
 [  64   51]]
Epoch: 14 batch:  5 cost = 38.60526  test accuracy: 0.938
[[3786  197]
 [  58   55]]
Epoch: 14 batch:  6 cost = 38.60526  test accuracy: 0.929
[[3748  223]
 [  66   59]]
training finished for epoch  15
Epoch: 15 batch:  1 cost = 37.90622  test accuracy: 0.927
[[3747  206]
 [  94   49]]
Epoch: 15 batch:  2 cost = 37.90622  test accuracy: 0.932
[[3754  203]
 [  76   63]]
Epoch: 15 batch:  3 cost = 37.90622  test accuracy: 0.924
[[3734  223]
 [  90   49]]
Epoch: 15 batch:  4 cost = 37.90622  test accuracy: 0.930
[[3767  214]
 [  72   43]]
Epoch: 15 batch:  5 cost = 37.90622  test accuracy: 0.937
[[3793  190]
 [  70   43]]
Epoch: 15 batch:  6 cost = 37.90622  test accuracy: 0.932
[[3762  209]
 [  70   55]]
training finished for epoch  16
Epoch: 16 batch:  1 cost = 37.30972  test accuracy: 0.884
[[3552  401]
 [  75   68]]
Epoch: 16 batch:  2 cost = 37.30972  test accuracy: 0.887
[[3553  404]
 [  60   79]]
Epoch: 16 batch:  3 cost = 37.30972  test accuracy: 0.882
[[3545  412]
 [  72   67]]
Epoch: 16 batch:  4 cost = 37.30972  test accuracy: 0.885
[[3565  416]
 [  57   58]]
Epoch: 16 batch:  5 cost = 37.30972  test accuracy: 0.894
[[3604  379]
 [  56   57]]
Epoch: 16 batch:  6 cost = 37.30972  test accuracy: 0.895
[[3597  374]
 [  58   67]]
training finished for epoch  17
Epoch: 17 batch:  1 cost = 36.59072  test accuracy: 0.886
[[3566  387]
 [  78   65]]
Epoch: 17 batch:  2 cost = 36.59072  test accuracy: 0.888
[[3565  392]
 [  67   72]]
Epoch: 17 batch:  3 cost = 36.59072  test accuracy: 0.882
[[3552  405]
 [  77   62]]
Epoch: 17 batch:  4 cost = 36.59072  test accuracy: 0.887
[[3578  403]
 [  59   56]]
Epoch: 17 batch:  5 cost = 36.59072  test accuracy: 0.893
[[3607  376]
 [  61   52]]
Epoch: 17 batch:  6 cost = 36.59072  test accuracy: 0.895
[[3601  370]
 [  61   64]]
training finished for epoch  18
Epoch: 18 batch:  1 cost = 36.27377  test accuracy: 0.888
[[3573  380]
 [  80   63]]
Epoch: 18 batch:  2 cost = 36.27377  test accuracy: 0.890
[[3575  382]
 [  67   72]]
Epoch: 18 batch:  3 cost = 36.27377  test accuracy: 0.883
[[3556  401]
 [  77   62]]
Epoch: 18 batch:  4 cost = 36.27377  test accuracy: 0.888
[[3581  400]
 [  58   57]]
Epoch: 18 batch:  5 cost = 36.27377  test accuracy: 0.896
[[3617  366]
 [  61   52]]
Epoch: 18 batch:  6 cost = 36.27377  test accuracy: 0.896
[[3608  363]
 [  61   64]]
training finished for epoch  19
Epoch: 19 batch:  1 cost = 36.14501  test accuracy: 0.886
[[3566  387]
 [  80   63]]
Epoch: 19 batch:  2 cost = 36.14501  test accuracy: 0.889
[[3571  386]
 [  68   71]]
Epoch: 19 batch:  3 cost = 36.14501  test accuracy: 0.884
[[3559  398]
 [  79   60]]
Epoch: 19 batch:  4 cost = 36.14501  test accuracy: 0.887
[[3577  404]
 [  59   56]]
Epoch: 19 batch:  5 cost = 36.14501  test accuracy: 0.894
[[3612  371]
 [  62   51]]
Epoch: 19 batch:  6 cost = 36.14501  test accuracy: 0.896
[[3606  365]
 [  61   64]]
training finished for epoch  20
Epoch: 20 batch:  1 cost = 35.87212  test accuracy: 0.888
[[3579  374]
 [  83   60]]
Epoch: 20 batch:  2 cost = 35.87212  test accuracy: 0.891
[[3578  379]
 [  69   70]]
Epoch: 20 batch:  3 cost = 35.87212  test accuracy: 0.885
[[3569  388]
 [  83   56]]
Epoch: 20 batch:  4 cost = 35.87212  test accuracy: 0.890
[[3591  390]
 [  60   55]]
Epoch: 20 batch:  5 cost = 35.87212  test accuracy: 0.898
[[3627  356]
 [  63   50]]
Epoch: 20 batch:  6 cost = 35.87212  test accuracy: 0.899
[[3618  353]
 [  61   64]]
training finished for epoch  21
Epoch: 21 batch:  1 cost = 35.02030  test accuracy: 0.898
[[3617  336]
 [  83   60]]
Epoch: 21 batch:  2 cost = 35.02030  test accuracy: 0.906
[[3644  313]
 [  72   67]]
Epoch: 21 batch:  3 cost = 35.02030  test accuracy: 0.900
[[3628  329]
 [  81   58]]
Epoch: 21 batch:  4 cost = 35.02030  test accuracy: 0.906
[[3654  327]
 [  60   55]]
Epoch: 21 batch:  5 cost = 35.02030  test accuracy: 0.911
[[3680  303]
 [  60   53]]
Epoch: 21 batch:  6 cost = 35.02030  test accuracy: 0.911
[[3670  301]
 [  62   63]]
training finished for epoch  22
Epoch: 22 batch:  1 cost = 34.37022  test accuracy: 0.899
[[3623  330]
 [  84   59]]
Epoch: 22 batch:  2 cost = 34.37022  test accuracy: 0.904
[[3635  322]
 [  70   69]]
Epoch: 22 batch:  3 cost = 34.37022  test accuracy: 0.900
[[3630  327]
 [  82   57]]
Epoch: 22 batch:  4 cost = 34.37022  test accuracy: 0.907
[[3658  323]
 [  59   56]]
Epoch: 22 batch:  5 cost = 34.37022  test accuracy: 0.912
[[3683  300]
 [  59   54]]
Epoch: 22 batch:  6 cost = 34.37022  test accuracy: 0.911
[[3670  301]
 [  63   62]]
training finished for epoch  23
Epoch: 23 batch:  1 cost = 34.18318  test accuracy: 0.894
[[3602  351]
 [  84   59]]
Epoch: 23 batch:  2 cost = 34.18318  test accuracy: 0.900
[[3620  337]
 [  71   68]]
Epoch: 23 batch:  3 cost = 34.18318  test accuracy: 0.897
[[3620  337]
 [  86   53]]
Epoch: 23 batch:  4 cost = 34.18318  test accuracy: 0.904
[[3648  333]
 [  59   56]]
Epoch: 23 batch:  5 cost = 34.18318  test accuracy: 0.907
[[3666  317]
 [  65   48]]
Epoch: 23 batch:  6 cost = 34.18318  test accuracy: 0.908
[[3661  310]
 [  65   60]]
training finished for epoch  24
Epoch: 24 batch:  1 cost = 33.87660  test accuracy: 0.895
[[3609  344]
 [  85   58]]
Epoch: 24 batch:  2 cost = 33.87660  test accuracy: 0.901
[[3626  331]
 [  73   66]]
Epoch: 24 batch:  3 cost = 33.87660  test accuracy: 0.898
[[3625  332]
 [  86   53]]
Epoch: 24 batch:  4 cost = 33.87660  test accuracy: 0.904
[[3650  331]
 [  61   54]]
Epoch: 24 batch:  5 cost = 33.87660  test accuracy: 0.908
[[3672  311]
 [  67   46]]
Epoch: 24 batch:  6 cost = 33.87660  test accuracy: 0.908
[[3660  311]
 [  65   60]]
training finished for epoch  25
Epoch: 25 batch:  1 cost = 33.76967  test accuracy: 0.897
[[3616  337]
 [  83   60]]
Epoch: 25 batch:  2 cost = 33.76967  test accuracy: 0.899
[[3616  341]
 [  71   68]]
Epoch: 25 batch:  3 cost = 33.76967  test accuracy: 0.897
[[3619  338]
 [  85   54]]
Epoch: 25 batch:  4 cost = 33.76967  test accuracy: 0.903
[[3644  337]
 [  60   55]]
Epoch: 25 batch:  5 cost = 33.76967  test accuracy: 0.908
[[3673  310]
 [  66   47]]
Epoch: 25 batch:  6 cost = 33.76967  test accuracy: 0.907
[[3652  319]
 [  62   63]]
training finished for epoch  26
Epoch: 26 batch:  1 cost = 33.43253  test accuracy: 0.903
[[3638  315]
 [  84   59]]
Epoch: 26 batch:  2 cost = 33.43253  test accuracy: 0.911
[[3665  292]
 [  72   67]]
Epoch: 26 batch:  3 cost = 33.43253  test accuracy: 0.904
[[3643  314]
 [  79   60]]
Epoch: 26 batch:  4 cost = 33.43253  test accuracy: 0.911
[[3672  309]
 [  56   59]]
Epoch: 26 batch:  5 cost = 33.43253  test accuracy: 0.917
[[3695  288]
 [  53   60]]
Epoch: 26 batch:  6 cost = 33.43253  test accuracy: 0.914
[[3679  292]
 [  59   66]]
training finished for epoch  27
Epoch: 27 batch:  1 cost = 32.83175  test accuracy: 0.906
[[3648  305]
 [  82   61]]
Epoch: 27 batch:  2 cost = 32.83175  test accuracy: 0.913
[[3670  287]
 [  71   68]]
Epoch: 27 batch:  3 cost = 32.83175  test accuracy: 0.906
[[3652  305]
 [  82   57]]
Epoch: 27 batch:  4 cost = 32.83175  test accuracy: 0.913
[[3679  302]
 [  56   59]]
Epoch: 27 batch:  5 cost = 32.83175  test accuracy: 0.917
[[3695  288]
 [  54   59]]
Epoch: 27 batch:  6 cost = 32.83175  test accuracy: 0.916
[[3684  287]
 [  59   66]]
training finished for epoch  28
Epoch: 28 batch:  1 cost = 32.62394  test accuracy: 0.906
[[3648  305]
 [  79   64]]
Epoch: 28 batch:  2 cost = 32.62394  test accuracy: 0.911
[[3662  295]
 [  69   70]]
Epoch: 28 batch:  3 cost = 32.62394  test accuracy: 0.906
[[3654  303]
 [  81   58]]
Epoch: 28 batch:  4 cost = 32.62394  test accuracy: 0.912
[[3677  304]
 [  56   59]]
Epoch: 28 batch:  5 cost = 32.62394  test accuracy: 0.916
[[3692  291]
 [  55   58]]
Epoch: 28 batch:  6 cost = 32.62394  test accuracy: 0.916
[[3685  286]
 [  59   66]]
training finished for epoch  29
Epoch: 29 batch:  1 cost = 32.49014  test accuracy: 0.906
[[3648  305]
 [  81   62]]
Epoch: 29 batch:  2 cost = 32.49014  test accuracy: 0.911
[[3664  293]
 [  70   69]]
Epoch: 29 batch:  3 cost = 32.49014  test accuracy: 0.906
[[3655  302]
 [  82   57]]
Epoch: 29 batch:  4 cost = 32.49014  test accuracy: 0.913
[[3681  300]
 [  55   60]]
Epoch: 29 batch:  5 cost = 32.49014  test accuracy: 0.917
[[3698  285]
 [  56   57]]
Epoch: 29 batch:  6 cost = 32.49014  test accuracy: 0.915
[[3682  289]
 [  59   66]]
training finished for epoch  30
Epoch: 30 batch:  1 cost = 32.32432  test accuracy: 0.906
[[3647  306]
 [  80   63]]
Epoch: 30 batch:  2 cost = 32.32432  test accuracy: 0.911
[[3662  295]
 [  71   68]]
Epoch: 30 batch:  3 cost = 32.32432  test accuracy: 0.906
[[3652  305]
 [  81   58]]
Epoch: 30 batch:  4 cost = 32.32432  test accuracy: 0.912
[[3676  305]
 [  55   60]]
Epoch: 30 batch:  5 cost = 32.32432  test accuracy: 0.916
[[3695  288]
 [  57   56]]
Epoch: 30 batch:  6 cost = 32.32432  test accuracy: 0.915
[[3682  289]
 [  60   65]]
training finished for epoch  31
Epoch: 31 batch:  1 cost = 32.24794  test accuracy: 0.905
[[3643  310]
 [  78   65]]
Epoch: 31 batch:  2 cost = 32.24794  test accuracy: 0.914
[[3671  286]
 [  68   71]]
Epoch: 31 batch:  3 cost = 32.24794  test accuracy: 0.906
[[3649  308]
 [  77   62]]
Epoch: 31 batch:  4 cost = 32.24794  test accuracy: 0.910
[[3666  315]
 [  55   60]]
Epoch: 31 batch:  5 cost = 32.24794  test accuracy: 0.916
[[3691  292]
 [  51   62]]
Epoch: 31 batch:  6 cost = 32.24794  test accuracy: 0.915
[[3677  294]
 [  56   69]]
training finished for epoch  32
Epoch: 32 batch:  1 cost = 31.77220  test accuracy: 0.907
[[3649  304]
 [  78   65]]
Epoch: 32 batch:  2 cost = 31.77220  test accuracy: 0.914
[[3672  285]
 [  68   71]]
Epoch: 32 batch:  3 cost = 31.77220  test accuracy: 0.906
[[3652  305]
 [  78   61]]
Epoch: 32 batch:  4 cost = 31.77220  test accuracy: 0.911
[[3672  309]
 [  55   60]]
Epoch: 32 batch:  5 cost = 31.77220  test accuracy: 0.918
[[3697  286]
 [  50   63]]
Epoch: 32 batch:  6 cost = 31.77220  test accuracy: 0.915
[[3676  295]
 [  55   70]]
training finished for epoch  33
Epoch: 33 batch:  1 cost = 31.72346  test accuracy: 0.906
[[3645  308]
 [  78   65]]
Epoch: 33 batch:  2 cost = 31.72346  test accuracy: 0.913
[[3670  287]
 [  68   71]]
Epoch: 33 batch:  3 cost = 31.72346  test accuracy: 0.905
[[3645  312]
 [  78   61]]
Epoch: 33 batch:  4 cost = 31.72346  test accuracy: 0.911
[[3672  309]
 [  54   61]]
Epoch: 33 batch:  5 cost = 31.72346  test accuracy: 0.916
[[3690  293]
 [  50   63]]
Epoch: 33 batch:  6 cost = 31.72346  test accuracy: 0.915
[[3677  294]
 [  55   70]]
training finished for epoch  34
Epoch: 34 batch:  1 cost = 31.66319  test accuracy: 0.906
[[3644  309]
 [  78   65]]
Epoch: 34 batch:  2 cost = 31.66319  test accuracy: 0.913
[[3670  287]
 [  68   71]]
Epoch: 34 batch:  3 cost = 31.66319  test accuracy: 0.905
[[3644  313]
 [  78   61]]
Epoch: 34 batch:  4 cost = 31.66319  test accuracy: 0.911
[[3671  310]
 [  54   61]]
Epoch: 34 batch:  5 cost = 31.66319  test accuracy: 0.916
[[3689  294]
 [  50   63]]
Epoch: 34 batch:  6 cost = 31.66319  test accuracy: 0.915
[[3677  294]
 [  55   70]]
training finished for epoch  35
Epoch: 35 batch:  1 cost = 31.54558  test accuracy: 0.906
[[3647  306]
 [  77   66]]
Epoch: 35 batch:  2 cost = 31.54558  test accuracy: 0.914
[[3672  285]
 [  69   70]]
Epoch: 35 batch:  3 cost = 31.54558  test accuracy: 0.905
[[3646  311]
 [  78   61]]
Epoch: 35 batch:  4 cost = 31.54558  test accuracy: 0.911
[[3671  310]
 [  54   61]]
Epoch: 35 batch:  5 cost = 31.54558  test accuracy: 0.916
[[3690  293]
 [  50   63]]
Epoch: 35 batch:  6 cost = 31.54558  test accuracy: 0.915
[[3679  292]
 [  56   69]]
training finished for epoch  36
Epoch: 36 batch:  1 cost = 31.45946  test accuracy: 0.899
[[3606  347]
 [  67   76]]
Epoch: 36 batch:  2 cost = 31.45946  test accuracy: 0.907
[[3638  319]
 [  61   78]]
Epoch: 36 batch:  3 cost = 31.45946  test accuracy: 0.899
[[3616  341]
 [  72   67]]
Epoch: 36 batch:  4 cost = 31.45946  test accuracy: 0.905
[[3642  339]
 [  49   66]]
Epoch: 36 batch:  5 cost = 31.45946  test accuracy: 0.908
[[3653  330]
 [  48   65]]
Epoch: 36 batch:  6 cost = 31.45946  test accuracy: 0.908
[[3645  326]
 [  49   76]]
training finished for epoch  37
Epoch: 37 batch:  1 cost = 31.36363  test accuracy: 0.898
[[3605  348]
 [  69   74]]
Epoch: 37 batch:  2 cost = 31.36363  test accuracy: 0.907
[[3637  320]
 [  60   79]]
Epoch: 37 batch:  3 cost = 31.36363  test accuracy: 0.899
[[3616  341]
 [  73   66]]
Epoch: 37 batch:  4 cost = 31.36363  test accuracy: 0.904
[[3636  345]
 [  50   65]]
Epoch: 37 batch:  5 cost = 31.36363  test accuracy: 0.908
[[3657  326]
 [  49   64]]
Epoch: 37 batch:  6 cost = 31.36363  test accuracy: 0.909
[[3650  321]
 [  50   75]]
training finished for epoch  38
Epoch: 38 batch:  1 cost = 31.20468  test accuracy: 0.899
[[3607  346]
 [  69   74]]
Epoch: 38 batch:  2 cost = 31.20468  test accuracy: 0.907
[[3638  319]
 [  60   79]]
Epoch: 38 batch:  3 cost = 31.20468  test accuracy: 0.899
[[3617  340]
 [  72   67]]
Epoch: 38 batch:  4 cost = 31.20468  test accuracy: 0.904
[[3635  346]
 [  48   67]]
Epoch: 38 batch:  5 cost = 31.20468  test accuracy: 0.909
[[3660  323]
 [  48   65]]
Epoch: 38 batch:  6 cost = 31.20468  test accuracy: 0.910
[[3650  321]
 [  49   76]]
training finished for epoch  39
Epoch: 39 batch:  1 cost = 31.21773  test accuracy: 0.900
[[3610  343]
 [  68   75]]
Epoch: 39 batch:  2 cost = 31.21773  test accuracy: 0.908
[[3641  316]
 [  60   79]]
Epoch: 39 batch:  3 cost = 31.21773  test accuracy: 0.900
[[3619  338]
 [  72   67]]
Epoch: 39 batch:  4 cost = 31.21773  test accuracy: 0.905
[[3640  341]
 [  48   67]]
Epoch: 39 batch:  5 cost = 31.21773  test accuracy: 0.910
[[3661  322]
 [  48   65]]
Epoch: 39 batch:  6 cost = 31.21773  test accuracy: 0.910
[[3651  320]
 [  49   76]]
training finished for epoch  40
Epoch: 40 batch:  1 cost = 31.04986  test accuracy: 0.900
[[3611  342]
 [  68   75]]
Epoch: 40 batch:  2 cost = 31.04986  test accuracy: 0.908
[[3640  317]
 [  60   79]]
Epoch: 40 batch:  3 cost = 31.04986  test accuracy: 0.900
[[3618  339]
 [  72   67]]
Epoch: 40 batch:  4 cost = 31.04986  test accuracy: 0.905
[[3639  342]
 [  47   68]]
Epoch: 40 batch:  5 cost = 31.04986  test accuracy: 0.910
[[3662  321]
 [  48   65]]
Epoch: 40 batch:  6 cost = 31.04986  test accuracy: 0.911
[[3653  318]
 [  48   77]]
training finished for epoch  41
Epoch: 41 batch:  1 cost = 31.24558  test accuracy: 0.886
[[3541  412]
 [  54   89]]
Epoch: 41 batch:  2 cost = 31.24558  test accuracy: 0.892
[[3567  390]
 [  52   87]]
Epoch: 41 batch:  3 cost = 31.24558  test accuracy: 0.883
[[3543  414]
 [  66   73]]
Epoch: 41 batch:  4 cost = 31.24558  test accuracy: 0.887
[[3560  421]
 [  40   75]]
Epoch: 41 batch:  5 cost = 31.24558  test accuracy: 0.889
[[3574  409]
 [  44   69]]
Epoch: 41 batch:  6 cost = 31.24558  test accuracy: 0.896
[[3588  383]
 [  45   80]]
training finished for epoch  42
Epoch: 42 batch:  1 cost = 31.05050  test accuracy: 0.887
[[3542  411]
 [  52   91]]
Epoch: 42 batch:  2 cost = 31.05050  test accuracy: 0.893
[[3572  385]
 [  52   87]]
Epoch: 42 batch:  3 cost = 31.05050  test accuracy: 0.884
[[3546  411]
 [  63   76]]
Epoch: 42 batch:  4 cost = 31.05050  test accuracy: 0.888
[[3561  420]
 [  40   75]]
Epoch: 42 batch:  5 cost = 31.05050  test accuracy: 0.890
[[3575  408]
 [  44   69]]
Epoch: 42 batch:  6 cost = 31.05050  test accuracy: 0.896
[[3589  382]
 [  45   80]]
training finished for epoch  43
Epoch: 43 batch:  1 cost = 30.96395  test accuracy: 0.888
[[3547  406]
 [  52   91]]
Epoch: 43 batch:  2 cost = 30.96395  test accuracy: 0.893
[[3572  385]
 [  52   87]]
Epoch: 43 batch:  3 cost = 30.96395  test accuracy: 0.884
[[3547  410]
 [  65   74]]
Epoch: 43 batch:  4 cost = 30.96395  test accuracy: 0.889
[[3567  414]
 [  40   75]]
Epoch: 43 batch:  5 cost = 30.96395  test accuracy: 0.890
[[3576  407]
 [  44   69]]
Epoch: 43 batch:  6 cost = 30.96395  test accuracy: 0.897
[[3593  378]
 [  45   80]]
training finished for epoch  44
Epoch: 44 batch:  1 cost = 30.95584  test accuracy: 0.888
[[3548  405]
 [  53   90]]
Epoch: 44 batch:  2 cost = 30.95584  test accuracy: 0.894
[[3576  381]
 [  52   87]]
Epoch: 44 batch:  3 cost = 30.95584  test accuracy: 0.885
[[3553  404]
 [  66   73]]
Epoch: 44 batch:  4 cost = 30.95584  test accuracy: 0.890
[[3569  412]
 [  40   75]]
Epoch: 44 batch:  5 cost = 30.95584  test accuracy: 0.890
[[3578  405]
 [  44   69]]
Epoch: 44 batch:  6 cost = 30.95584  test accuracy: 0.897
[[3595  376]
 [  45   80]]
training finished for epoch  45
Epoch: 45 batch:  1 cost = 30.96345  test accuracy: 0.888
[[3546  407]
 [  53   90]]
Epoch: 45 batch:  2 cost = 30.96345  test accuracy: 0.895
[[3577  380]
 [  52   87]]
Epoch: 45 batch:  3 cost = 30.96345  test accuracy: 0.885
[[3552  405]
 [  66   73]]
Epoch: 45 batch:  4 cost = 30.96345  test accuracy: 0.889
[[3567  414]
 [  39   76]]
Epoch: 45 batch:  5 cost = 30.96345  test accuracy: 0.891
[[3580  403]
 [  44   69]]
Epoch: 45 batch:  6 cost = 30.96345  test accuracy: 0.897
[[3594  377]
 [  45   80]]
training finished for epoch  46
Epoch: 46 batch:  1 cost = 31.00977  test accuracy: 0.873
[[3476  477]
 [  45   98]]
Epoch: 46 batch:  2 cost = 31.00977  test accuracy: 0.877
[[3499  458]
 [  45   94]]
Epoch: 46 batch:  3 cost = 31.00977  test accuracy: 0.869
[[3481  476]
 [  60   79]]
Epoch: 46 batch:  4 cost = 31.00977  test accuracy: 0.871
[[3487  494]
 [  35   80]]
Epoch: 46 batch:  5 cost = 31.00977  test accuracy: 0.877
[[3518  465]
 [  37   76]]
Epoch: 46 batch:  6 cost = 31.00977  test accuracy: 0.884
[[3535  436]
 [  39   86]]
training finished for epoch  47
Epoch: 47 batch:  1 cost = 30.92153  test accuracy: 0.873
[[3477  476]
 [  45   98]]
Epoch: 47 batch:  2 cost = 30.92153  test accuracy: 0.877
[[3498  459]
 [  45   94]]
Epoch: 47 batch:  3 cost = 30.92153  test accuracy: 0.869
[[3481  476]
 [  60   79]]
Epoch: 47 batch:  4 cost = 30.92153  test accuracy: 0.871
[[3489  492]
 [  35   80]]
Epoch: 47 batch:  5 cost = 30.92153  test accuracy: 0.877
[[3518  465]
 [  37   76]]
Epoch: 47 batch:  6 cost = 30.92153  test accuracy: 0.884
[[3536  435]
 [  39   86]]
training finished for epoch  48
Epoch: 48 batch:  1 cost = 30.90261  test accuracy: 0.873
[[3477  476]
 [  45   98]]
Epoch: 48 batch:  2 cost = 30.90261  test accuracy: 0.877
[[3500  457]
 [  45   94]]
Epoch: 48 batch:  3 cost = 30.90261  test accuracy: 0.870
[[3483  474]
 [  60   79]]
Epoch: 48 batch:  4 cost = 30.90261  test accuracy: 0.871
[[3489  492]
 [  35   80]]
Epoch: 48 batch:  5 cost = 30.90261  test accuracy: 0.877
[[3518  465]
 [  37   76]]
Epoch: 48 batch:  6 cost = 30.90261  test accuracy: 0.885
[[3537  434]
 [  39   86]]
training finished for epoch  49
Epoch: 49 batch:  1 cost = 30.84704  test accuracy: 0.873
[[3479  474]
 [  45   98]]
Epoch: 49 batch:  2 cost = 30.84704  test accuracy: 0.878
[[3501  456]
 [  45   94]]
Epoch: 49 batch:  3 cost = 30.84704  test accuracy: 0.870
[[3484  473]
 [  60   79]]
Epoch: 49 batch:  4 cost = 30.84704  test accuracy: 0.872
[[3493  488]
 [  35   80]]
Epoch: 49 batch:  5 cost = 30.84704  test accuracy: 0.877
[[3518  465]
 [  37   76]]
Epoch: 49 batch:  6 cost = 30.84704  test accuracy: 0.885
[[3539  432]
 [  39   86]]
training finished for epoch  50
Epoch: 50 batch:  1 cost = 30.81235  test accuracy: 0.874
[[3481  472]
 [  45   98]]
Epoch: 50 batch:  2 cost = 30.81235  test accuracy: 0.878
[[3504  453]
 [  45   94]]
Epoch: 50 batch:  3 cost = 30.81235  test accuracy: 0.870
[[3486  471]
 [  60   79]]
Epoch: 50 batch:  4 cost = 30.81235  test accuracy: 0.873
[[3494  487]
 [  35   80]]
Epoch: 50 batch:  5 cost = 30.81235  test accuracy: 0.878
[[3520  463]
 [  37   76]]
Epoch: 50 batch:  6 cost = 30.81235  test accuracy: 0.885
[[3539  432]
 [  39   86]]
training finished for epoch  51
Epoch: 51 batch:  1 cost = 30.84288  test accuracy: 0.866
[[3446  507]
 [  41  102]]
Epoch: 51 batch:  2 cost = 30.84288  test accuracy: 0.871
[[3470  487]
 [  42   97]]
Epoch: 51 batch:  3 cost = 30.84288  test accuracy: 0.861
[[3442  515]
 [  54   85]]
Epoch: 51 batch:  4 cost = 30.84288  test accuracy: 0.863
[[3451  530]
 [  32   83]]
Epoch: 51 batch:  5 cost = 30.84288  test accuracy: 0.872
[[3488  495]
 [  30   83]]
Epoch: 51 batch:  6 cost = 30.84288  test accuracy: 0.876
[[3501  470]
 [  37   88]]
training finished for epoch  52
Epoch: 52 batch:  1 cost = 30.72649  test accuracy: 0.867
[[3448  505]
 [  41  102]]
Epoch: 52 batch:  2 cost = 30.72649  test accuracy: 0.871
[[3472  485]
 [  42   97]]
Epoch: 52 batch:  3 cost = 30.72649  test accuracy: 0.861
[[3441  516]
 [  54   85]]
Epoch: 52 batch:  4 cost = 30.72649  test accuracy: 0.864
[[3455  526]
 [  32   83]]
Epoch: 52 batch:  5 cost = 30.72649  test accuracy: 0.872
[[3489  494]
 [  30   83]]
Epoch: 52 batch:  6 cost = 30.72649  test accuracy: 0.876
[[3500  471]
 [  37   88]]
training finished for epoch  53
Epoch: 53 batch:  1 cost = 30.77334  test accuracy: 0.867
[[3449  504]
 [  41  102]]
Epoch: 53 batch:  2 cost = 30.77334  test accuracy: 0.872
[[3473  484]
 [  42   97]]
Epoch: 53 batch:  3 cost = 30.77334  test accuracy: 0.861
[[3441  516]
 [  54   85]]
Epoch: 53 batch:  4 cost = 30.77334  test accuracy: 0.863
[[3453  528]
 [  32   83]]
Epoch: 53 batch:  5 cost = 30.77334  test accuracy: 0.872
[[3489  494]
 [  30   83]]
Epoch: 53 batch:  6 cost = 30.77334  test accuracy: 0.876
[[3501  470]
 [  37   88]]
training finished for epoch  54
Epoch: 54 batch:  1 cost = 30.73821  test accuracy: 0.867
[[3450  503]
 [  41  102]]
Epoch: 54 batch:  2 cost = 30.73821  test accuracy: 0.872
[[3473  484]
 [  42   97]]
Epoch: 54 batch:  3 cost = 30.73821  test accuracy: 0.861
[[3441  516]
 [  54   85]]
Epoch: 54 batch:  4 cost = 30.73821  test accuracy: 0.864
[[3454  527]
 [  32   83]]
Epoch: 54 batch:  5 cost = 30.73821  test accuracy: 0.873
[[3491  492]
 [  30   83]]
Epoch: 54 batch:  6 cost = 30.73821  test accuracy: 0.877
[[3504  467]
 [  37   88]]
training finished for epoch  55
Epoch: 55 batch:  1 cost = 30.66206  test accuracy: 0.867
[[3450  503]
 [  42  101]]
Epoch: 55 batch:  2 cost = 30.66206  test accuracy: 0.872
[[3474  483]
 [  42   97]]
Epoch: 55 batch:  3 cost = 30.66206  test accuracy: 0.861
[[3441  516]
 [  55   84]]
Epoch: 55 batch:  4 cost = 30.66206  test accuracy: 0.864
[[3454  527]
 [  32   83]]
Epoch: 55 batch:  5 cost = 30.66206  test accuracy: 0.872
[[3491  492]
 [  32   81]]
Epoch: 55 batch:  6 cost = 30.66206  test accuracy: 0.877
[[3505  466]
 [  37   88]]
training finished for epoch  56
Epoch: 56 batch:  1 cost = 30.67256  test accuracy: 0.864
[[3436  517]
 [  39  104]]
Epoch: 56 batch:  2 cost = 30.67256  test accuracy: 0.870
[[3464  493]
 [  40   99]]
Epoch: 56 batch:  3 cost = 30.67256  test accuracy: 0.858
[[3431  526]
 [  54   85]]
Epoch: 56 batch:  4 cost = 30.67256  test accuracy: 0.860
[[3438  543]
 [  32   83]]
Epoch: 56 batch:  5 cost = 30.67256  test accuracy: 0.870
[[3479  504]
 [  29   84]]
Epoch: 56 batch:  6 cost = 30.67256  test accuracy: 0.874
[[3490  481]
 [  36   89]]
training finished for epoch  57
Epoch: 57 batch:  1 cost = 30.68244  test accuracy: 0.864
[[3435  518]
 [  39  104]]
Epoch: 57 batch:  2 cost = 30.68244  test accuracy: 0.870
[[3464  493]
 [  40   99]]
Epoch: 57 batch:  3 cost = 30.68244  test accuracy: 0.858
[[3431  526]
 [  54   85]]
Epoch: 57 batch:  4 cost = 30.68244  test accuracy: 0.860
[[3438  543]
 [  32   83]]
Epoch: 57 batch:  5 cost = 30.68244  test accuracy: 0.870
[[3480  503]
 [  29   84]]
Epoch: 57 batch:  6 cost = 30.68244  test accuracy: 0.874
[[3490  481]
 [  36   89]]
training finished for epoch  58
Epoch: 58 batch:  1 cost = 30.75218  test accuracy: 0.864
[[3435  518]
 [  39  104]]
Epoch: 58 batch:  2 cost = 30.75218  test accuracy: 0.870
[[3463  494]
 [  40   99]]
Epoch: 58 batch:  3 cost = 30.75218  test accuracy: 0.858
[[3431  526]
 [  54   85]]
Epoch: 58 batch:  4 cost = 30.75218  test accuracy: 0.860
[[3439  542]
 [  32   83]]
Epoch: 58 batch:  5 cost = 30.75218  test accuracy: 0.870
[[3480  503]
 [  29   84]]
Epoch: 58 batch:  6 cost = 30.75218  test accuracy: 0.874
[[3490  481]
 [  36   89]]
training finished for epoch  59
Epoch: 59 batch:  1 cost = 30.59649  test accuracy: 0.865
[[3436  517]
 [  38  105]]
Epoch: 59 batch:  2 cost = 30.59649  test accuracy: 0.870
[[3463  494]
 [  40   99]]
Epoch: 59 batch:  3 cost = 30.59649  test accuracy: 0.858
[[3430  527]
 [  54   85]]
Epoch: 59 batch:  4 cost = 30.59649  test accuracy: 0.860
[[3439  542]
 [  32   83]]
Epoch: 59 batch:  5 cost = 30.59649  test accuracy: 0.870
[[3480  503]
 [  29   84]]
Epoch: 59 batch:  6 cost = 30.59649  test accuracy: 0.874
[[3490  481]
 [  36   89]]
training finished for epoch  60
Epoch: 60 batch:  1 cost = 30.72206  test accuracy: 0.865
[[3438  515]
 [  38  105]]
Epoch: 60 batch:  2 cost = 30.72206  test accuracy: 0.870
[[3463  494]
 [  40   99]]
Epoch: 60 batch:  3 cost = 30.72206  test accuracy: 0.858
[[3430  527]
 [  54   85]]
Epoch: 60 batch:  4 cost = 30.72206  test accuracy: 0.859
[[3437  544]
 [  32   83]]
Epoch: 60 batch:  5 cost = 30.72206  test accuracy: 0.870
[[3479  504]
 [  29   84]]
Epoch: 60 batch:  6 cost = 30.72206  test accuracy: 0.874
[[3489  482]
 [  36   89]]
training finished for epoch  61
Epoch: 61 batch:  1 cost = 30.72309  test accuracy: 0.864
[[3435  518]
 [  38  105]]
Epoch: 61 batch:  2 cost = 30.72309  test accuracy: 0.869
[[3459  498]
 [  40   99]]
Epoch: 61 batch:  3 cost = 30.72309  test accuracy: 0.858
[[3428  529]
 [  54   85]]
Epoch: 61 batch:  4 cost = 30.72309  test accuracy: 0.858
[[3433  548]
 [  32   83]]
Epoch: 61 batch:  5 cost = 30.72309  test accuracy: 0.870
[[3479  504]
 [  29   84]]
Epoch: 61 batch:  6 cost = 30.72309  test accuracy: 0.873
[[3486  485]
 [  36   89]]
training finished for epoch  62
Epoch: 62 batch:  1 cost = 30.61999  test accuracy: 0.864
[[3434  519]
 [  38  105]]
Epoch: 62 batch:  2 cost = 30.61999  test accuracy: 0.869
[[3460  497]
 [  40   99]]
Epoch: 62 batch:  3 cost = 30.61999  test accuracy: 0.858
[[3428  529]
 [  54   85]]
Epoch: 62 batch:  4 cost = 30.61999  test accuracy: 0.858
[[3433  548]
 [  32   83]]
Epoch: 62 batch:  5 cost = 30.61999  test accuracy: 0.870
[[3478  505]
 [  29   84]]
Epoch: 62 batch:  6 cost = 30.61999  test accuracy: 0.872
[[3484  487]
 [  36   89]]
training finished for epoch  63
Epoch: 63 batch:  1 cost = 30.65306  test accuracy: 0.864
[[3435  518]
 [  38  105]]
Epoch: 63 batch:  2 cost = 30.65306  test accuracy: 0.869
[[3460  497]
 [  40   99]]
Epoch: 63 batch:  3 cost = 30.65306  test accuracy: 0.858
[[3429  528]
 [  54   85]]
Epoch: 63 batch:  4 cost = 30.65306  test accuracy: 0.858
[[3433  548]
 [  32   83]]
Epoch: 63 batch:  5 cost = 30.65306  test accuracy: 0.870
[[3478  505]
 [  29   84]]
Epoch: 63 batch:  6 cost = 30.65306  test accuracy: 0.872
[[3484  487]
 [  36   89]]
training finished for epoch  64
Epoch: 64 batch:  1 cost = 30.64823  test accuracy: 0.864
[[3435  518]
 [  38  105]]
Epoch: 64 batch:  2 cost = 30.64823  test accuracy: 0.869
[[3459  498]
 [  40   99]]
Epoch: 64 batch:  3 cost = 30.64823  test accuracy: 0.858
[[3429  528]
 [  54   85]]
Epoch: 64 batch:  4 cost = 30.64823  test accuracy: 0.859
[[3434  547]
 [  32   83]]
Epoch: 64 batch:  5 cost = 30.64823  test accuracy: 0.870
[[3478  505]
 [  29   84]]
Epoch: 64 batch:  6 cost = 30.64823  test accuracy: 0.872
[[3483  488]
 [  36   89]]
training finished for epoch  65
Epoch: 65 batch:  1 cost = 30.63466  test accuracy: 0.864
[[3435  518]
 [  38  105]]
Epoch: 65 batch:  2 cost = 30.63466  test accuracy: 0.869
[[3459  498]
 [  40   99]]
Epoch: 65 batch:  3 cost = 30.63466  test accuracy: 0.858
[[3428  529]
 [  54   85]]
Epoch: 65 batch:  4 cost = 30.63466  test accuracy: 0.859
[[3435  546]
 [  32   83]]
Epoch: 65 batch:  5 cost = 30.63466  test accuracy: 0.870
[[3478  505]
 [  29   84]]
Epoch: 65 batch:  6 cost = 30.63466  test accuracy: 0.872
[[3483  488]
 [  36   89]]
training finished for epoch  66
Epoch: 66 batch:  1 cost = 30.61433  test accuracy: 0.864
[[3434  519]
 [  38  105]]
Epoch: 66 batch:  2 cost = 30.61433  test accuracy: 0.868
[[3458  499]
 [  40   99]]
Epoch: 66 batch:  3 cost = 30.61433  test accuracy: 0.858
[[3428  529]
 [  54   85]]
Epoch: 66 batch:  4 cost = 30.61433  test accuracy: 0.858
[[3430  551]
 [  32   83]]
Epoch: 66 batch:  5 cost = 30.61433  test accuracy: 0.870
[[3479  504]
 [  29   84]]
Epoch: 66 batch:  6 cost = 30.61433  test accuracy: 0.872
[[3483  488]
 [  36   89]]
training finished for epoch  67
Epoch: 67 batch:  1 cost = 30.61770  test accuracy: 0.864
[[3434  519]
 [  38  105]]
Epoch: 67 batch:  2 cost = 30.61770  test accuracy: 0.868
[[3457  500]
 [  40   99]]
Epoch: 67 batch:  3 cost = 30.61770  test accuracy: 0.858
[[3428  529]
 [  53   86]]
Epoch: 67 batch:  4 cost = 30.61770  test accuracy: 0.858
[[3430  551]
 [  32   83]]
Epoch: 67 batch:  5 cost = 30.61770  test accuracy: 0.870
[[3478  505]
 [  29   84]]
Epoch: 67 batch:  6 cost = 30.61770  test accuracy: 0.872
[[3482  489]
 [  35   90]]
training finished for epoch  68
Epoch: 68 batch:  1 cost = 30.60990  test accuracy: 0.864
[[3434  519]
 [  38  105]]
Epoch: 68 batch:  2 cost = 30.60990  test accuracy: 0.868
[[3457  500]
 [  40   99]]
Epoch: 68 batch:  3 cost = 30.60990  test accuracy: 0.858
[[3427  530]
 [  53   86]]
Epoch: 68 batch:  4 cost = 30.60990  test accuracy: 0.858
[[3430  551]
 [  32   83]]
Epoch: 68 batch:  5 cost = 30.60990  test accuracy: 0.870
[[3478  505]
 [  29   84]]
Epoch: 68 batch:  6 cost = 30.60990  test accuracy: 0.872
[[3482  489]
 [  35   90]]
training finished for epoch  69
Epoch: 69 batch:  1 cost = 30.65290  test accuracy: 0.864
[[3434  519]
 [  38  105]]
Epoch: 69 batch:  2 cost = 30.65290  test accuracy: 0.868
[[3457  500]
 [  40   99]]
Epoch: 69 batch:  3 cost = 30.65290  test accuracy: 0.857
[[3426  531]
 [  53   86]]
Epoch: 69 batch:  4 cost = 30.65290  test accuracy: 0.858
[[3430  551]
 [  32   83]]
Epoch: 69 batch:  5 cost = 30.65290  test accuracy: 0.870
[[3478  505]
 [  29   84]]
Epoch: 69 batch:  6 cost = 30.65290  test accuracy: 0.872
[[3482  489]
 [  35   90]]
training finished for epoch  70
Epoch: 70 batch:  1 cost = 30.60272  test accuracy: 0.864
[[3434  519]
 [  38  105]]
Epoch: 70 batch:  2 cost = 30.60272  test accuracy: 0.868
[[3457  500]
 [  40   99]]
Epoch: 70 batch:  3 cost = 30.60272  test accuracy: 0.858
[[3427  530]
 [  53   86]]
Epoch: 70 batch:  4 cost = 30.60272  test accuracy: 0.858
[[3430  551]
 [  32   83]]
Epoch: 70 batch:  5 cost = 30.60272  test accuracy: 0.869
[[3477  506]
 [  29   84]]
Epoch: 70 batch:  6 cost = 30.60272  test accuracy: 0.872
[[3481  490]
 [  35   90]]
training finished for epoch  71
Epoch: 71 batch:  1 cost = 30.66711  test accuracy: 0.864
[[3434  519]
 [  38  105]]
Epoch: 71 batch:  2 cost = 30.66711  test accuracy: 0.868
[[3457  500]
 [  40   99]]
Epoch: 71 batch:  3 cost = 30.66711  test accuracy: 0.857
[[3425  532]
 [  53   86]]
Epoch: 71 batch:  4 cost = 30.66711  test accuracy: 0.858
[[3430  551]
 [  32   83]]
Epoch: 71 batch:  5 cost = 30.66711  test accuracy: 0.870
[[3478  505]
 [  29   84]]
Epoch: 71 batch:  6 cost = 30.66711  test accuracy: 0.872
[[3482  489]
 [  35   90]]
training finished for epoch  72
Epoch: 72 batch:  1 cost = 30.58965  test accuracy: 0.864
[[3434  519]
 [  38  105]]
Epoch: 72 batch:  2 cost = 30.58965  test accuracy: 0.868
[[3456  501]
 [  40   99]]
Epoch: 72 batch:  3 cost = 30.58965  test accuracy: 0.857
[[3425  532]
 [  53   86]]
Epoch: 72 batch:  4 cost = 30.58965  test accuracy: 0.858
[[3430  551]
 [  32   83]]
Epoch: 72 batch:  5 cost = 30.58965  test accuracy: 0.870
[[3478  505]
 [  29   84]]
Epoch: 72 batch:  6 cost = 30.58965  test accuracy: 0.872
[[3482  489]
 [  35   90]]
training finished for epoch  73
Epoch: 73 batch:  1 cost = 30.54163  test accuracy: 0.864
[[3434  519]
 [  38  105]]
Epoch: 73 batch:  2 cost = 30.54163  test accuracy: 0.868
[[3456  501]
 [  40   99]]
Epoch: 73 batch:  3 cost = 30.54163  test accuracy: 0.857
[[3425  532]
 [  53   86]]
Epoch: 73 batch:  4 cost = 30.54163  test accuracy: 0.858
[[3430  551]
 [  32   83]]
Epoch: 73 batch:  5 cost = 30.54163  test accuracy: 0.870
[[3478  505]
 [  29   84]]
Epoch: 73 batch:  6 cost = 30.54163  test accuracy: 0.872
[[3481  490]
 [  35   90]]
training finished for epoch  74
Epoch: 74 batch:  1 cost = 30.64590  test accuracy: 0.864
[[3434  519]
 [  38  105]]
Epoch: 74 batch:  2 cost = 30.64590  test accuracy: 0.868
[[3456  501]
 [  40   99]]
Epoch: 74 batch:  3 cost = 30.64590  test accuracy: 0.857
[[3425  532]
 [  53   86]]
Epoch: 74 batch:  4 cost = 30.64590  test accuracy: 0.858
[[3430  551]
 [  32   83]]
Epoch: 74 batch:  5 cost = 30.64590  test accuracy: 0.869
[[3477  506]
 [  29   84]]
Epoch: 74 batch:  6 cost = 30.64590  test accuracy: 0.872
[[3480  491]
 [  35   90]]
training finished for epoch  75
Epoch: 75 batch:  1 cost = 30.61001  test accuracy: 0.864
[[3434  519]
 [  38  105]]
Epoch: 75 batch:  2 cost = 30.61001  test accuracy: 0.868
[[3456  501]
 [  40   99]]
Epoch: 75 batch:  3 cost = 30.61001  test accuracy: 0.857
[[3425  532]
 [  53   86]]
Epoch: 75 batch:  4 cost = 30.61001  test accuracy: 0.858
[[3430  551]
 [  32   83]]
Epoch: 75 batch:  5 cost = 30.61001  test accuracy: 0.869
[[3477  506]
 [  29   84]]
Epoch: 75 batch:  6 cost = 30.61001  test accuracy: 0.872
[[3480  491]
 [  35   90]]
training finished for epoch  76
Epoch: 76 batch:  1 cost = 30.64424  test accuracy: 0.864
[[3432  521]
 [  38  105]]
Epoch: 76 batch:  2 cost = 30.64424  test accuracy: 0.867
[[3453  504]
 [  40   99]]
Epoch: 76 batch:  3 cost = 30.64424  test accuracy: 0.857
[[3425  532]
 [  53   86]]
Epoch: 76 batch:  4 cost = 30.64424  test accuracy: 0.857
[[3428  553]
 [  32   83]]
Epoch: 76 batch:  5 cost = 30.64424  test accuracy: 0.869
[[3476  507]
 [  29   84]]
Epoch: 76 batch:  6 cost = 30.64424  test accuracy: 0.872
[[3480  491]
 [  35   90]]
training finished for epoch  77
Epoch: 77 batch:  1 cost = 30.60605  test accuracy: 0.864
[[3432  521]
 [  38  105]]
Epoch: 77 batch:  2 cost = 30.60605  test accuracy: 0.867
[[3453  504]
 [  40   99]]
Epoch: 77 batch:  3 cost = 30.60605  test accuracy: 0.857
[[3425  532]
 [  53   86]]
Epoch: 77 batch:  4 cost = 30.60605  test accuracy: 0.857
[[3428  553]
 [  32   83]]
Epoch: 77 batch:  5 cost = 30.60605  test accuracy: 0.869
[[3476  507]
 [  29   84]]
Epoch: 77 batch:  6 cost = 30.60605  test accuracy: 0.872
[[3480  491]
 [  35   90]]
training finished for epoch  78
Epoch: 78 batch:  1 cost = 30.64882  test accuracy: 0.864
[[3432  521]
 [  38  105]]
Epoch: 78 batch:  2 cost = 30.64882  test accuracy: 0.867
[[3453  504]
 [  40   99]]
Epoch: 78 batch:  3 cost = 30.64882  test accuracy: 0.857
[[3425  532]
 [  53   86]]
Epoch: 78 batch:  4 cost = 30.64882  test accuracy: 0.857
[[3428  553]
 [  32   83]]
Epoch: 78 batch:  5 cost = 30.64882  test accuracy: 0.869
[[3476  507]
 [  29   84]]
Epoch: 78 batch:  6 cost = 30.64882  test accuracy: 0.872
[[3480  491]
 [  35   90]]
training finished for epoch  79
Epoch: 79 batch:  1 cost = 30.65563  test accuracy: 0.864
[[3432  521]
 [  38  105]]
Epoch: 79 batch:  2 cost = 30.65563  test accuracy: 0.867
[[3453  504]
 [  40   99]]
Epoch: 79 batch:  3 cost = 30.65563  test accuracy: 0.857
[[3425  532]
 [  53   86]]
Epoch: 79 batch:  4 cost = 30.65563  test accuracy: 0.857
[[3428  553]
 [  32   83]]
Epoch: 79 batch:  5 cost = 30.65563  test accuracy: 0.869
[[3476  507]
 [  29   84]]
Epoch: 79 batch:  6 cost = 30.65563  test accuracy: 0.872
[[3480  491]
 [  35   90]]
training finished for epoch  80
Epoch: 80 batch:  1 cost = 30.60902  test accuracy: 0.864
[[3432  521]
 [  38  105]]
Epoch: 80 batch:  2 cost = 30.60902  test accuracy: 0.867
[[3453  504]
 [  40   99]]
Epoch: 80 batch:  3 cost = 30.60902  test accuracy: 0.857
[[3425  532]
 [  53   86]]
Epoch: 80 batch:  4 cost = 30.60902  test accuracy: 0.857
[[3428  553]
 [  32   83]]
Epoch: 80 batch:  5 cost = 30.60902  test accuracy: 0.869
[[3476  507]
 [  29   84]]
Epoch: 80 batch:  6 cost = 30.60902  test accuracy: 0.872
[[3480  491]
 [  35   90]]
training finished for epoch  81
Epoch: 81 batch:  1 cost = 30.63365  test accuracy: 0.864
[[3432  521]
 [  38  105]]
Epoch: 81 batch:  2 cost = 30.63365  test accuracy: 0.867
[[3453  504]
 [  40   99]]
Epoch: 81 batch:  3 cost = 30.63365  test accuracy: 0.857
[[3424  533]
 [  53   86]]
Epoch: 81 batch:  4 cost = 30.63365  test accuracy: 0.857
[[3427  554]
 [  32   83]]
Epoch: 81 batch:  5 cost = 30.63365  test accuracy: 0.869
[[3475  508]
 [  29   84]]
Epoch: 81 batch:  6 cost = 30.63365  test accuracy: 0.871
[[3478  493]
 [  35   90]]
training finished for epoch  82
Epoch: 82 batch:  1 cost = 30.62925  test accuracy: 0.864
[[3432  521]
 [  38  105]]
Epoch: 82 batch:  2 cost = 30.62925  test accuracy: 0.867
[[3453  504]
 [  40   99]]
Epoch: 82 batch:  3 cost = 30.62925  test accuracy: 0.857
[[3424  533]
 [  53   86]]
Epoch: 82 batch:  4 cost = 30.62925  test accuracy: 0.857
[[3427  554]
 [  32   83]]
Epoch: 82 batch:  5 cost = 30.62925  test accuracy: 0.869
[[3475  508]
 [  29   84]]
Epoch: 82 batch:  6 cost = 30.62925  test accuracy: 0.871
[[3478  493]
 [  35   90]]
training finished for epoch  83
Epoch: 83 batch:  1 cost = 30.61043  test accuracy: 0.864
[[3432  521]
 [  38  105]]
Epoch: 83 batch:  2 cost = 30.61043  test accuracy: 0.867
[[3453  504]
 [  40   99]]
Epoch: 83 batch:  3 cost = 30.61043  test accuracy: 0.857
[[3424  533]
 [  53   86]]
Epoch: 83 batch:  4 cost = 30.61043  test accuracy: 0.857
[[3427  554]
 [  32   83]]
Epoch: 83 batch:  5 cost = 30.61043  test accuracy: 0.869
[[3475  508]
 [  29   84]]
Epoch: 83 batch:  6 cost = 30.61043  test accuracy: 0.871
[[3478  493]
 [  35   90]]
training finished for epoch  84
Epoch: 84 batch:  1 cost = 30.63358  test accuracy: 0.864
[[3432  521]
 [  38  105]]
Epoch: 84 batch:  2 cost = 30.63358  test accuracy: 0.867
[[3453  504]
 [  40   99]]
Epoch: 84 batch:  3 cost = 30.63358  test accuracy: 0.857
[[3424  533]
 [  53   86]]
Epoch: 84 batch:  4 cost = 30.63358  test accuracy: 0.857
[[3427  554]
 [  32   83]]
Epoch: 84 batch:  5 cost = 30.63358  test accuracy: 0.869
[[3475  508]
 [  29   84]]
Epoch: 84 batch:  6 cost = 30.63358  test accuracy: 0.871
[[3478  493]
 [  35   90]]
training finished for epoch  85
Epoch: 85 batch:  1 cost = 30.66736  test accuracy: 0.864
[[3432  521]
 [  38  105]]
Epoch: 85 batch:  2 cost = 30.66736  test accuracy: 0.867
[[3452  505]
 [  40   99]]
Epoch: 85 batch:  3 cost = 30.66736  test accuracy: 0.857
[[3424  533]
 [  53   86]]
Epoch: 85 batch:  4 cost = 30.66736  test accuracy: 0.857
[[3427  554]
 [  32   83]]
Epoch: 85 batch:  5 cost = 30.66736  test accuracy: 0.869
[[3475  508]
 [  29   84]]
Epoch: 85 batch:  6 cost = 30.66736  test accuracy: 0.871
[[3478  493]
 [  35   90]]
training finished for epoch  86
Epoch: 86 batch:  1 cost = 30.59149  test accuracy: 0.864
[[3432  521]
 [  38  105]]
Epoch: 86 batch:  2 cost = 30.59149  test accuracy: 0.867
[[3452  505]
 [  40   99]]
Epoch: 86 batch:  3 cost = 30.59149  test accuracy: 0.857
[[3424  533]
 [  53   86]]
Epoch: 86 batch:  4 cost = 30.59149  test accuracy: 0.857
[[3427  554]
 [  32   83]]
Epoch: 86 batch:  5 cost = 30.59149  test accuracy: 0.869
[[3474  509]
 [  29   84]]
Epoch: 86 batch:  6 cost = 30.59149  test accuracy: 0.871
[[3478  493]
 [  35   90]]
training finished for epoch  87
Epoch: 87 batch:  1 cost = 30.58575  test accuracy: 0.864
[[3432  521]
 [  38  105]]
Epoch: 87 batch:  2 cost = 30.58575  test accuracy: 0.867
[[3451  506]
 [  40   99]]
Epoch: 87 batch:  3 cost = 30.58575  test accuracy: 0.857
[[3424  533]
 [  53   86]]
Epoch: 87 batch:  4 cost = 30.58575  test accuracy: 0.857
[[3427  554]
 [  32   83]]
Epoch: 87 batch:  5 cost = 30.58575  test accuracy: 0.868
[[3473  510]
 [  29   84]]
Epoch: 87 batch:  6 cost = 30.58575  test accuracy: 0.871
[[3478  493]
 [  35   90]]
training finished for epoch  88
Epoch: 88 batch:  1 cost = 30.59535  test accuracy: 0.864
[[3432  521]
 [  38  105]]
Epoch: 88 batch:  2 cost = 30.59535  test accuracy: 0.867
[[3451  506]
 [  40   99]]
Epoch: 88 batch:  3 cost = 30.59535  test accuracy: 0.857
[[3424  533]
 [  53   86]]
Epoch: 88 batch:  4 cost = 30.59535  test accuracy: 0.857
[[3427  554]
 [  32   83]]
Epoch: 88 batch:  5 cost = 30.59535  test accuracy: 0.868
[[3473  510]
 [  29   84]]
Epoch: 88 batch:  6 cost = 30.59535  test accuracy: 0.871
[[3478  493]
 [  35   90]]
training finished for epoch  89
Epoch: 89 batch:  1 cost = 30.58448  test accuracy: 0.863
[[3431  522]
 [  38  105]]
Epoch: 89 batch:  2 cost = 30.58448  test accuracy: 0.867
[[3451  506]
 [  40   99]]
Epoch: 89 batch:  3 cost = 30.58448  test accuracy: 0.857
[[3424  533]
 [  53   86]]
Epoch: 89 batch:  4 cost = 30.58448  test accuracy: 0.857
[[3427  554]
 [  32   83]]
Epoch: 89 batch:  5 cost = 30.58448  test accuracy: 0.868
[[3472  511]
 [  29   84]]
Epoch: 89 batch:  6 cost = 30.58448  test accuracy: 0.871
[[3478  493]
 [  35   90]]
training finished for epoch  90
Epoch: 90 batch:  1 cost = 30.59695  test accuracy: 0.863
[[3431  522]
 [  38  105]]
Epoch: 90 batch:  2 cost = 30.59695  test accuracy: 0.867
[[3451  506]
 [  40   99]]
Epoch: 90 batch:  3 cost = 30.59695  test accuracy: 0.857
[[3424  533]
 [  53   86]]
Epoch: 90 batch:  4 cost = 30.59695  test accuracy: 0.857
[[3427  554]
 [  32   83]]
Epoch: 90 batch:  5 cost = 30.59695  test accuracy: 0.868
[[3472  511]
 [  29   84]]
Epoch: 90 batch:  6 cost = 30.59695  test accuracy: 0.871
[[3478  493]
 [  35   90]]
training finished for epoch  91
Epoch: 91 batch:  1 cost = 30.60604  test accuracy: 0.863
[[3431  522]
 [  38  105]]
Epoch: 91 batch:  2 cost = 30.60604  test accuracy: 0.867
[[3451  506]
 [  40   99]]
Epoch: 91 batch:  3 cost = 30.60604  test accuracy: 0.857
[[3424  533]
 [  53   86]]
Epoch: 91 batch:  4 cost = 30.60604  test accuracy: 0.857
[[3427  554]
 [  32   83]]
Epoch: 91 batch:  5 cost = 30.60604  test accuracy: 0.868
[[3471  512]
 [  29   84]]
Epoch: 91 batch:  6 cost = 30.60604  test accuracy: 0.871
[[3478  493]
 [  35   90]]
training finished for epoch  92
Epoch: 92 batch:  1 cost = 30.64040  test accuracy: 0.863
[[3431  522]
 [  38  105]]
Epoch: 92 batch:  2 cost = 30.64040  test accuracy: 0.866
[[3449  508]
 [  40   99]]
Epoch: 92 batch:  3 cost = 30.64040  test accuracy: 0.857
[[3423  534]
 [  53   86]]
Epoch: 92 batch:  4 cost = 30.64040  test accuracy: 0.857
[[3427  554]
 [  32   83]]
Epoch: 92 batch:  5 cost = 30.64040  test accuracy: 0.868
[[3471  512]
 [  29   84]]
Epoch: 92 batch:  6 cost = 30.64040  test accuracy: 0.871
[[3478  493]
 [  35   90]]
training finished for epoch  93
Epoch: 93 batch:  1 cost = 30.59055  test accuracy: 0.863
[[3430  523]
 [  38  105]]
Epoch: 93 batch:  2 cost = 30.59055  test accuracy: 0.866
[[3449  508]
 [  40   99]]
Epoch: 93 batch:  3 cost = 30.59055  test accuracy: 0.857
[[3423  534]
 [  53   86]]
Epoch: 93 batch:  4 cost = 30.59055  test accuracy: 0.857
[[3426  555]
 [  32   83]]
Epoch: 93 batch:  5 cost = 30.59055  test accuracy: 0.868
[[3471  512]
 [  29   84]]
Epoch: 93 batch:  6 cost = 30.59055  test accuracy: 0.871
[[3478  493]
 [  35   90]]
training finished for epoch  94
Epoch: 94 batch:  1 cost = 30.60135  test accuracy: 0.863
[[3430  523]
 [  38  105]]
Epoch: 94 batch:  2 cost = 30.60135  test accuracy: 0.866
[[3449  508]
 [  40   99]]
Epoch: 94 batch:  3 cost = 30.60135  test accuracy: 0.857
[[3423  534]
 [  53   86]]
Epoch: 94 batch:  4 cost = 30.60135  test accuracy: 0.857
[[3426  555]
 [  32   83]]
Epoch: 94 batch:  5 cost = 30.60135  test accuracy: 0.868
[[3471  512]
 [  29   84]]
Epoch: 94 batch:  6 cost = 30.60135  test accuracy: 0.871
[[3478  493]
 [  35   90]]
training finished for epoch  95
Epoch: 95 batch:  1 cost = 30.60238  test accuracy: 0.863
[[3430  523]
 [  38  105]]
Epoch: 95 batch:  2 cost = 30.60238  test accuracy: 0.866
[[3449  508]
 [  40   99]]
Epoch: 95 batch:  3 cost = 30.60238  test accuracy: 0.857
[[3423  534]
 [  53   86]]
Epoch: 95 batch:  4 cost = 30.60238  test accuracy: 0.857
[[3426  555]
 [  32   83]]
Epoch: 95 batch:  5 cost = 30.60238  test accuracy: 0.868
[[3471  512]
 [  29   84]]
Epoch: 95 batch:  6 cost = 30.60238  test accuracy: 0.871
[[3478  493]
 [  35   90]]
training finished for epoch  96
Epoch: 96 batch:  1 cost = 30.63665  test accuracy: 0.863
[[3430  523]
 [  38  105]]
Epoch: 96 batch:  2 cost = 30.63665  test accuracy: 0.866
[[3449  508]
 [  40   99]]
Epoch: 96 batch:  3 cost = 30.63665  test accuracy: 0.857
[[3423  534]
 [  53   86]]
Epoch: 96 batch:  4 cost = 30.63665  test accuracy: 0.857
[[3426  555]
 [  32   83]]
Epoch: 96 batch:  5 cost = 30.63665  test accuracy: 0.868
[[3471  512]
 [  29   84]]
Epoch: 96 batch:  6 cost = 30.63665  test accuracy: 0.871
[[3478  493]
 [  35   90]]
training finished for epoch  97
Epoch: 97 batch:  1 cost = 30.59745  test accuracy: 0.863
[[3430  523]
 [  38  105]]
Epoch: 97 batch:  2 cost = 30.59745  test accuracy: 0.866
[[3449  508]
 [  40   99]]
Epoch: 97 batch:  3 cost = 30.59745  test accuracy: 0.857
[[3423  534]
 [  53   86]]
Epoch: 97 batch:  4 cost = 30.59745  test accuracy: 0.857
[[3426  555]
 [  32   83]]
Epoch: 97 batch:  5 cost = 30.59745  test accuracy: 0.868
[[3471  512]
 [  29   84]]
Epoch: 97 batch:  6 cost = 30.59745  test accuracy: 0.871
[[3478  493]
 [  35   90]]
training finished for epoch  98
Epoch: 98 batch:  1 cost = 30.64608  test accuracy: 0.863
[[3430  523]
 [  38  105]]
Epoch: 98 batch:  2 cost = 30.64608  test accuracy: 0.866
[[3449  508]
 [  40   99]]
Epoch: 98 batch:  3 cost = 30.64608  test accuracy: 0.857
[[3423  534]
 [  53   86]]
Epoch: 98 batch:  4 cost = 30.64608  test accuracy: 0.857
[[3426  555]
 [  32   83]]
Epoch: 98 batch:  5 cost = 30.64608  test accuracy: 0.868
[[3471  512]
 [  29   84]]
Epoch: 98 batch:  6 cost = 30.64608  test accuracy: 0.871
[[3478  493]
 [  35   90]]
training finished for epoch  99
Epoch: 99 batch:  1 cost = 30.61619  test accuracy: 0.863
[[3430  523]
 [  38  105]]
Epoch: 99 batch:  2 cost = 30.61619  test accuracy: 0.866
[[3449  508]
 [  40   99]]
Epoch: 99 batch:  3 cost = 30.61619  test accuracy: 0.857
[[3423  534]
 [  53   86]]
Epoch: 99 batch:  4 cost = 30.61619  test accuracy: 0.857
[[3426  555]
 [  32   83]]
Epoch: 99 batch:  5 cost = 30.61619  test accuracy: 0.868
[[3471  512]
 [  29   84]]
Epoch: 99 batch:  6 cost = 30.61619  test accuracy: 0.871
[[3478  493]
 [  35   90]]
training finished for epoch  100
Epoch: 100 batch:  1 cost = 30.57641  test accuracy: 0.863
[[3430  523]
 [  38  105]]
Epoch: 100 batch:  2 cost = 30.57641  test accuracy: 0.866
[[3449  508]
 [  40   99]]
Epoch: 100 batch:  3 cost = 30.57641  test accuracy: 0.857
[[3423  534]
 [  53   86]]
Epoch: 100 batch:  4 cost = 30.57641  test accuracy: 0.857
[[3426  555]
 [  32   83]]
Epoch: 100 batch:  5 cost = 30.57641  test accuracy: 0.868
[[3471  512]
 [  29   84]]
Epoch: 100 batch:  6 cost = 30.57641  test accuracy: 0.871
[[3478  493]
 [  35   90]]

Training complete for model  1 !
