/home/sshirzad/anaconda3/lib/python3.6/site-packages/sklearn/externals/joblib/externals/cloudpickle/cloudpickle.py:47: DeprecationWarning: the imp module is deprecated in favour of importlib; see the module's documentation for alternative uses
  import imp
[Parallel(n_jobs=16)]: Using backend ThreadingBackend with 16 concurrent workers.
[Parallel(n_jobs=16)]: Done  18 tasks      | elapsed: 36.5min
[Parallel(n_jobs=16)]: Done 168 tasks      | elapsed: 223.5min
[Parallel(n_jobs=16)]: Done 418 tasks      | elapsed: 538.9min
[Parallel(n_jobs=16)]: Done 500 out of 500 | elapsed: 643.3min finished
[Parallel(n_jobs=16)]: Using backend ThreadingBackend with 16 concurrent workers.
[Parallel(n_jobs=16)]: Done  18 tasks      | elapsed:    0.1s
[Parallel(n_jobs=16)]: Done 168 tasks      | elapsed:    0.2s
[Parallel(n_jobs=16)]: Done 418 tasks      | elapsed:    0.5s
[Parallel(n_jobs=16)]: Done 500 out of 500 | elapsed:    0.5s finished
]0;IPython: RF/3Command Line:  3 /home/sshirzad/workspace/deepdrug/results/2018-11-13-1221/RF/3/npy
test_set: 3
shape of p:  (25199,)
#of 1s:  2412.0
set 3
classification report
              precision    recall  f1-score   support

       decoy       0.98      0.91      0.95     24633
      active       0.09      0.37      0.14       566

   micro avg       0.90      0.90      0.90     25199
   macro avg       0.54      0.64      0.54     25199
weighted avg       0.96      0.90      0.93     25199

confusion matrix:
[[22431  2202]
 [  356   210]]
auc:
Only one class present in y_true. ROC AUC score is not defined in that case.
