tee: /home/sshirzad/workspace/deepdrug/results/2018-11-13-1221/2018-12-20-1904: Is a directory
2018-12-20 19:04:56.631185: I tensorflow/core/platform/cpu_feature_guard.cc:141] Your CPU supports instructions that this TensorFlow binary was not compiled to use: SSE4.1 SSE4.2 AVX AVX2 FMA
2018-12-20 19:05:05.011691: I tensorflow/core/common_runtime/gpu/gpu_device.cc:1411] Found device 0 with properties: 
name: Tesla K80 major: 3 minor: 7 memoryClockRate(GHz): 0.8235
pciBusID: 0000:05:00.0
totalMemory: 11.17GiB freeMemory: 11.10GiB
2018-12-20 19:05:05.143714: I tensorflow/core/common_runtime/gpu/gpu_device.cc:1411] Found device 1 with properties: 
name: Tesla K80 major: 3 minor: 7 memoryClockRate(GHz): 0.8235
pciBusID: 0000:06:00.0
totalMemory: 11.17GiB freeMemory: 11.10GiB
2018-12-20 19:05:05.267759: I tensorflow/core/common_runtime/gpu/gpu_device.cc:1411] Found device 2 with properties: 
name: Tesla K80 major: 3 minor: 7 memoryClockRate(GHz): 0.8235
pciBusID: 0000:84:00.0
totalMemory: 11.17GiB freeMemory: 11.10GiB
2018-12-20 19:05:05.398694: I tensorflow/core/common_runtime/gpu/gpu_device.cc:1411] Found device 3 with properties: 
name: Tesla K80 major: 3 minor: 7 memoryClockRate(GHz): 0.8235
pciBusID: 0000:85:00.0
totalMemory: 11.17GiB freeMemory: 11.10GiB
2018-12-20 19:05:05.399281: I tensorflow/core/common_runtime/gpu/gpu_device.cc:1490] Adding visible gpu devices: 0, 1, 2, 3
2018-12-20 19:05:06.568207: I tensorflow/core/common_runtime/gpu/gpu_device.cc:971] Device interconnect StreamExecutor with strength 1 edge matrix:
2018-12-20 19:05:06.568255: I tensorflow/core/common_runtime/gpu/gpu_device.cc:977]      0 1 2 3 
2018-12-20 19:05:06.568262: I tensorflow/core/common_runtime/gpu/gpu_device.cc:990] 0:   N Y N N 
2018-12-20 19:05:06.568267: I tensorflow/core/common_runtime/gpu/gpu_device.cc:990] 1:   Y N N N 
2018-12-20 19:05:06.568272: I tensorflow/core/common_runtime/gpu/gpu_device.cc:990] 2:   N N N Y 
2018-12-20 19:05:06.568276: I tensorflow/core/common_runtime/gpu/gpu_device.cc:990] 3:   N N Y N 
2018-12-20 19:05:06.569162: I tensorflow/core/common_runtime/gpu/gpu_device.cc:1103] Created TensorFlow device (/job:localhost/replica:0/task:0/device:GPU:0 with 10759 MB memory) -> physical GPU (device: 0, name: Tesla K80, pci bus id: 0000:05:00.0, compute capability: 3.7)
2018-12-20 19:05:06.745208: I tensorflow/core/common_runtime/gpu/gpu_device.cc:1103] Created TensorFlow device (/job:localhost/replica:0/task:0/device:GPU:1 with 10759 MB memory) -> physical GPU (device: 1, name: Tesla K80, pci bus id: 0000:06:00.0, compute capability: 3.7)
2018-12-20 19:05:06.921079: I tensorflow/core/common_runtime/gpu/gpu_device.cc:1103] Created TensorFlow device (/job:localhost/replica:0/task:0/device:GPU:2 with 10759 MB memory) -> physical GPU (device: 2, name: Tesla K80, pci bus id: 0000:84:00.0, compute capability: 3.7)
2018-12-20 19:05:07.116086: I tensorflow/core/common_runtime/gpu/gpu_device.cc:1103] Created TensorFlow device (/job:localhost/replica:0/task:0/device:GPU:3 with 10759 MB memory) -> physical GPU (device: 3, name: Tesla K80, pci bus id: 0000:85:00.0, compute capability: 3.7)
]0;IPython: 2018-11-13-1221/2018-12-20-1904Command Line:  1 /home/sshirzad/workspace/deepdrug/results/2018-11-13-1221/2018-12-20-1904/npy
test_set: 1
training finished for epoch  1
[0;31m---------------------------------------------------------------------------[0m
[0;31mNameError[0m                                 Traceback (most recent call last)
[0;32m~/workspace/deepdrug/python_scripts/CNN_12_14.py[0m in [0;36m<module>[0;34m[0m
[1;32m    327[0m [0;34m[0m[0m
[1;32m    328[0m                 [0mtest_acc[0m [0;34m=[0m [0msess[0m[0;34m.[0m[0mrun[0m[0;34m([0m[0maccuracy[0m[0;34m,[0m [0mfeed_dict[0m[0;34m=[0m[0;34m{[0m[0mx[0m[0;34m:[0m [0mbatch_x_test[0m[0;34m,[0m [0my[0m[0;34m:[0m [0mbatch_y_test[0m[0;34m,[0m [0mz[0m[0;34m:[0m [0mbatch_z_test[0m[0;34m}[0m[0;34m)[0m[0;34m[0m[0m
[0;32m--> 329[0;31m                 [0mnp[0m[0;34m.[0m[0msave[0m[0;34m([0m[0mnp_save_path[0m[0;34m+[0m[0;34m'/batch_'[0m[0;34m+[0m[0mstr[0m[0;34m([0m[0mtrian_id[0m[0;34m)[0m[0;34m+[0m[0;34m'_'[0m[0;34m+[0m[0mstr[0m[0;34m([0m[0mj[0m[0;34m)[0m[0;34m+[0m[0;34m'_true.npy'[0m[0;34m,[0m[0mbatch_y_test[0m[0;34m)[0m[0;34m[0m[0m
[0m[1;32m    330[0m                 [0mpr[0m[0;34m=[0m[0msess[0m[0;34m.[0m[0mrun[0m[0;34m([0m[0my_[0m[0;34m,[0m [0mfeed_dict[0m[0;34m=[0m[0;34m{[0m[0mx[0m[0;34m:[0m [0mbatch_x_test[0m[0;34m,[0m [0my[0m[0;34m:[0m [0mbatch_y_test[0m[0;34m,[0m [0mz[0m[0;34m:[0m [0mbatch_z_test[0m[0;34m}[0m[0;34m)[0m[0;34m[0m[0m
[1;32m    331[0m                 [0mnp[0m[0;34m.[0m[0msave[0m[0;34m([0m[0mnp_save_path[0m[0;34m+[0m[0;34m'/batch_'[0m[0;34m+[0m[0mstr[0m[0;34m([0m[0mtrian_id[0m[0;34m)[0m[0;34m+[0m[0;34m'_'[0m[0;34m+[0m[0mstr[0m[0;34m([0m[0mj[0m[0;34m)[0m[0;34m+[0m[0;34m'_pred.npy'[0m[0;34m,[0m [0mpr[0m[0;34m)[0m[0;34m[0m[0m

[0;31mNameError[0m: name 'trian_id' is not defined
